{"/Users/shuting/Paws on Patrol/src/App.js": {"path":"/Users/shuting/Paws on Patrol/src/App.js","statementMap":{"0":{"start":{"line":18,"column":14},"end":{"line":41,"column":1}},"1":{"start":{"line":25,"column":25},"end":{"line":29,"column":5}},"2":{"start":{"line":30,"column":25},"end":{"line":34,"column":5}},"3":{"start":{"line":35,"column":25},"end":{"line":39,"column":5}},"4":{"start":{"line":43,"column":2},"end":{"line":65,"column":4}}},"fnMap":{"0":{"name":"(anonymous_0)","decl":{"start":{"line":25,"column":12},"end":{"line":25,"column":13}},"loc":{"start":{"line":25,"column":25},"end":{"line":29,"column":5}},"line":25},"1":{"name":"(anonymous_1)","decl":{"start":{"line":30,"column":12},"end":{"line":30,"column":13}},"loc":{"start":{"line":30,"column":25},"end":{"line":34,"column":5}},"line":30},"2":{"name":"(anonymous_2)","decl":{"start":{"line":35,"column":12},"end":{"line":35,"column":13}},"loc":{"start":{"line":35,"column":25},"end":{"line":39,"column":5}},"line":35},"3":{"name":"App","decl":{"start":{"line":42,"column":9},"end":{"line":42,"column":12}},"loc":{"start":{"line":42,"column":15},"end":{"line":66,"column":1}},"line":42}},"branchMap":{},"s":{"0":0,"1":0,"2":0,"3":0,"4":0},"f":{"0":0,"1":0,"2":0,"3":0},"b":{}}
,"/Users/shuting/Paws on Patrol/src/firebase.config.js": {"path":"/Users/shuting/Paws on Patrol/src/firebase.config.js","statementMap":{"0":{"start":{"line":9,"column":23},"end":{"line":16,"column":1}},"1":{"start":{"line":19,"column":12},"end":{"line":19,"column":41}},"2":{"start":{"line":22,"column":20},"end":{"line":22,"column":32}},"3":{"start":{"line":25,"column":18},"end":{"line":25,"column":35}},"4":{"start":{"line":28,"column":23},"end":{"line":28,"column":38}},"5":{"start":{"line":31,"column":25},"end":{"line":31,"column":42}},"6":{"start":{"line":33,"column":36},"end":{"line":36,"column":1}}},"fnMap":{},"branchMap":{},"s":{"0":0,"1":0,"2":0,"3":0,"4":0,"5":0,"6":0},"f":{},"b":{}}
,"/Users/shuting/Paws on Patrol/src/index.js": {"path":"/Users/shuting/Paws on Patrol/src/index.js","statementMap":{"0":{"start":{"line":22,"column":13},"end":{"line":22,"column":65}},"1":{"start":{"line":23,"column":0},"end":{"line":29,"column":2}}},"fnMap":{},"branchMap":{},"s":{"0":0,"1":0},"f":{},"b":{}}
,"/Users/shuting/Paws on Patrol/src/components/Diary.js": {"path":"/Users/shuting/Paws on Patrol/src/components/Diary.js","statementMap":{"0":{"start":{"line":11,"column":14},"end":{"line":133,"column":1}},"1":{"start":{"line":20,"column":19},"end":{"line":20,"column":29}},"2":{"start":{"line":21,"column":14},"end":{"line":21,"column":22}},"3":{"start":{"line":23,"column":24},"end":{"line":29,"column":3}},"4":{"start":{"line":24,"column":4},"end":{"line":27,"column":7}},"5":{"start":{"line":25,"column":6},"end":{"line":25,"column":40}},"6":{"start":{"line":26,"column":6},"end":{"line":26,"column":23}},"7":{"start":{"line":28,"column":4},"end":{"line":28,"column":19}},"8":{"start":{"line":30,"column":36},"end":{"line":30,"column":50}},"9":{"start":{"line":31,"column":32},"end":{"line":31,"column":46}},"10":{"start":{"line":32,"column":38},"end":{"line":32,"column":50}},"11":{"start":{"line":33,"column":23},"end":{"line":40,"column":3}},"12":{"start":{"line":34,"column":4},"end":{"line":38,"column":7}},"13":{"start":{"line":35,"column":6},"end":{"line":35,"column":39}},"14":{"start":{"line":36,"column":6},"end":{"line":36,"column":35}},"15":{"start":{"line":37,"column":6},"end":{"line":37,"column":23}},"16":{"start":{"line":39,"column":4},"end":{"line":39,"column":19}},"17":{"start":{"line":42,"column":2},"end":{"line":50,"column":18}},"18":{"start":{"line":43,"column":4},"end":{"line":49,"column":5}},"19":{"start":{"line":44,"column":21},"end":{"line":44,"column":37}},"20":{"start":{"line":45,"column":6},"end":{"line":47,"column":8}},"21":{"start":{"line":46,"column":8},"end":{"line":46,"column":34}},"22":{"start":{"line":48,"column":6},"end":{"line":48,"column":38}},"23":{"start":{"line":52,"column":18},"end":{"line":56,"column":3}},"24":{"start":{"line":53,"column":4},"end":{"line":53,"column":36}},"25":{"start":{"line":54,"column":4},"end":{"line":54,"column":54}},"26":{"start":{"line":55,"column":4},"end":{"line":55,"column":18}},"27":{"start":{"line":57,"column":21},"end":{"line":67,"column":3}},"28":{"start":{"line":58,"column":15},"end":{"line":58,"column":32}},"29":{"start":{"line":59,"column":20},"end":{"line":59,"column":55}},"30":{"start":{"line":60,"column":17},"end":{"line":60,"column":49}},"31":{"start":{"line":61,"column":4},"end":{"line":61,"column":47}},"32":{"start":{"line":62,"column":4},"end":{"line":62,"column":37}},"33":{"start":{"line":63,"column":21},"end":{"line":63,"column":33}},"34":{"start":{"line":64,"column":4},"end":{"line":64,"column":33}},"35":{"start":{"line":65,"column":4},"end":{"line":65,"column":31}},"36":{"start":{"line":66,"column":4},"end":{"line":66,"column":19}},"37":{"start":{"line":69,"column":22},"end":{"line":85,"column":3}},"38":{"start":{"line":70,"column":20},"end":{"line":70,"column":39}},"39":{"start":{"line":71,"column":4},"end":{"line":84,"column":5}},"40":{"start":{"line":72,"column":6},"end":{"line":81,"column":11}},"41":{"start":{"line":74,"column":10},"end":{"line":77,"column":13}},"42":{"start":{"line":75,"column":12},"end":{"line":75,"column":35}},"43":{"start":{"line":76,"column":12},"end":{"line":76,"column":29}},"44":{"start":{"line":80,"column":10},"end":{"line":80,"column":33}},"45":{"start":{"line":83,"column":6},"end":{"line":83,"column":13}},"46":{"start":{"line":86,"column":2},"end":{"line":132,"column":4}},"47":{"start":{"line":93,"column":10},"end":{"line":93,"column":26}},"48":{"start":{"line":94,"column":10},"end":{"line":94,"column":25}},"49":{"start":{"line":109,"column":31},"end":{"line":109,"column":43}},"50":{"start":{"line":137,"column":18},"end":{"line":201,"column":1}},"51":{"start":{"line":148,"column":19},"end":{"line":152,"column":2}},"52":{"start":{"line":190,"column":21},"end":{"line":193,"column":2}},"53":{"start":{"line":202,"column":19},"end":{"line":219,"column":1}},"54":{"start":{"line":221,"column":22},"end":{"line":238,"column":1}}},"fnMap":{"0":{"name":"(anonymous_0)","decl":{"start":{"line":11,"column":14},"end":{"line":11,"column":15}},"loc":{"start":{"line":19,"column":6},"end":{"line":133,"column":1}},"line":19},"1":{"name":"(anonymous_1)","decl":{"start":{"line":23,"column":24},"end":{"line":23,"column":25}},"loc":{"start":{"line":23,"column":31},"end":{"line":29,"column":3}},"line":23},"2":{"name":"(anonymous_2)","decl":{"start":{"line":24,"column":15},"end":{"line":24,"column":16}},"loc":{"start":{"line":24,"column":25},"end":{"line":27,"column":5}},"line":24},"3":{"name":"(anonymous_3)","decl":{"start":{"line":33,"column":23},"end":{"line":33,"column":24}},"loc":{"start":{"line":33,"column":30},"end":{"line":40,"column":3}},"line":33},"4":{"name":"(anonymous_4)","decl":{"start":{"line":34,"column":15},"end":{"line":34,"column":16}},"loc":{"start":{"line":34,"column":25},"end":{"line":38,"column":5}},"line":34},"5":{"name":"(anonymous_5)","decl":{"start":{"line":42,"column":12},"end":{"line":42,"column":13}},"loc":{"start":{"line":42,"column":18},"end":{"line":50,"column":3}},"line":42},"6":{"name":"(anonymous_6)","decl":{"start":{"line":45,"column":25},"end":{"line":45,"column":26}},"loc":{"start":{"line":45,"column":31},"end":{"line":47,"column":7}},"line":45},"7":{"name":"(anonymous_7)","decl":{"start":{"line":52,"column":18},"end":{"line":52,"column":19}},"loc":{"start":{"line":52,"column":31},"end":{"line":56,"column":3}},"line":52},"8":{"name":"(anonymous_8)","decl":{"start":{"line":57,"column":21},"end":{"line":57,"column":22}},"loc":{"start":{"line":57,"column":34},"end":{"line":67,"column":3}},"line":57},"9":{"name":"(anonymous_9)","decl":{"start":{"line":69,"column":22},"end":{"line":69,"column":23}},"loc":{"start":{"line":69,"column":43},"end":{"line":85,"column":3}},"line":69},"10":{"name":"(anonymous_10)","decl":{"start":{"line":73,"column":14},"end":{"line":73,"column":15}},"loc":{"start":{"line":73,"column":23},"end":{"line":78,"column":9}},"line":73},"11":{"name":"(anonymous_11)","decl":{"start":{"line":74,"column":21},"end":{"line":74,"column":22}},"loc":{"start":{"line":74,"column":31},"end":{"line":77,"column":11}},"line":74},"12":{"name":"(anonymous_12)","decl":{"start":{"line":79,"column":15},"end":{"line":79,"column":16}},"loc":{"start":{"line":79,"column":22},"end":{"line":81,"column":9}},"line":79},"13":{"name":"(anonymous_13)","decl":{"start":{"line":92,"column":17},"end":{"line":92,"column":18}},"loc":{"start":{"line":92,"column":23},"end":{"line":95,"column":9}},"line":92},"14":{"name":"(anonymous_14)","decl":{"start":{"line":109,"column":22},"end":{"line":109,"column":23}},"loc":{"start":{"line":109,"column":31},"end":{"line":109,"column":43}},"line":109},"15":{"name":"(anonymous_15)","decl":{"start":{"line":148,"column":4},"end":{"line":148,"column":5}},"loc":{"start":{"line":148,"column":19},"end":{"line":152,"column":2}},"line":148},"16":{"name":"(anonymous_16)","decl":{"start":{"line":190,"column":6},"end":{"line":190,"column":7}},"loc":{"start":{"line":190,"column":21},"end":{"line":193,"column":2}},"line":190}},"branchMap":{"0":{"loc":{"start":{"line":43,"column":4},"end":{"line":49,"column":5}},"type":"if","locations":[{"start":{"line":43,"column":4},"end":{"line":49,"column":5}},{"start":{},"end":{}}],"line":43},"1":{"loc":{"start":{"line":71,"column":4},"end":{"line":84,"column":5}},"type":"if","locations":[{"start":{"line":71,"column":4},"end":{"line":84,"column":5}},{"start":{"line":82,"column":11},"end":{"line":84,"column":5}}],"line":71},"2":{"loc":{"start":{"line":99,"column":11},"end":{"line":105,"column":11}},"type":"cond-expr","locations":[{"start":{"line":100,"column":12},"end":{"line":100,"column":54}},{"start":{"line":101,"column":14},"end":{"line":105,"column":11}}],"line":99},"3":{"loc":{"start":{"line":101,"column":14},"end":{"line":105,"column":11}},"type":"cond-expr","locations":[{"start":{"line":102,"column":12},"end":{"line":102,"column":61}},{"start":{"line":104,"column":12},"end":{"line":104,"column":60}}],"line":101},"4":{"loc":{"start":{"line":119,"column":17},"end":{"line":119,"column":63}},"type":"cond-expr","locations":[{"start":{"line":119,"column":39},"end":{"line":119,"column":58}},{"start":{"line":119,"column":61},"end":{"line":119,"column":63}}],"line":119},"5":{"loc":{"start":{"line":125,"column":17},"end":{"line":125,"column":61}},"type":"cond-expr","locations":[{"start":{"line":125,"column":38},"end":{"line":125,"column":56}},{"start":{"line":125,"column":59},"end":{"line":125,"column":61}}],"line":125}},"s":{"0":0,"1":0,"2":0,"3":0,"4":0,"5":0,"6":0,"7":0,"8":0,"9":0,"10":0,"11":0,"12":0,"13":0,"14":0,"15":0,"16":0,"17":0,"18":0,"19":0,"20":0,"21":0,"22":0,"23":0,"24":0,"25":0,"26":0,"27":0,"28":0,"29":0,"30":0,"31":0,"32":0,"33":0,"34":0,"35":0,"36":0,"37":0,"38":0,"39":0,"40":0,"41":0,"42":0,"43":0,"44":0,"45":0,"46":0,"47":0,"48":0,"49":0,"50":0,"51":0,"52":0,"53":0,"54":0},"f":{"0":0,"1":0,"2":0,"3":0,"4":0,"5":0,"6":0,"7":0,"8":0,"9":0,"10":0,"11":0,"12":0,"13":0,"14":0,"15":0,"16":0},"b":{"0":[0,0],"1":[0,0],"2":[0,0],"3":[0,0],"4":[0,0],"5":[0,0]}}
,"/Users/shuting/Paws on Patrol/src/components/Footer.js": {"path":"/Users/shuting/Paws on Patrol/src/components/Footer.js","statementMap":{"0":{"start":{"line":4,"column":15},"end":{"line":10,"column":1}},"1":{"start":{"line":5,"column":2},"end":{"line":9,"column":4}},"2":{"start":{"line":14,"column":21},"end":{"line":27,"column":1}},"3":{"start":{"line":24,"column":19},"end":{"line":26,"column":3}}},"fnMap":{"0":{"name":"(anonymous_0)","decl":{"start":{"line":4,"column":15},"end":{"line":4,"column":16}},"loc":{"start":{"line":4,"column":21},"end":{"line":10,"column":1}},"line":4},"1":{"name":"(anonymous_1)","decl":{"start":{"line":24,"column":4},"end":{"line":24,"column":5}},"loc":{"start":{"line":24,"column":19},"end":{"line":26,"column":3}},"line":24}},"branchMap":{},"s":{"0":1,"1":1,"2":1,"3":1},"f":{"0":1,"1":1},"b":{},"_coverageSchema":"1a1c01bbd47fc00a2c39e90264f33305004495a9","hash":"6e94eacd1c55a0e829aa9708b5496349c5e11402"}
,"/Users/shuting/Paws on Patrol/src/components/Info.js": {"path":"/Users/shuting/Paws on Patrol/src/components/Info.js","statementMap":{"0":{"start":{"line":14,"column":13},"end":{"line":110,"column":1}},"1":{"start":{"line":15,"column":48},"end":{"line":15,"column":58}},"2":{"start":{"line":16,"column":19},"end":{"line":16,"column":32}},"3":{"start":{"line":17,"column":38},"end":{"line":17,"column":50}},"4":{"start":{"line":18,"column":30},"end":{"line":18,"column":42}},"5":{"start":{"line":20,"column":2},"end":{"line":22,"column":13}},"6":{"start":{"line":21,"column":4},"end":{"line":21,"column":20}},"7":{"start":{"line":23,"column":24},"end":{"line":28,"column":3}},"8":{"start":{"line":24,"column":22},"end":{"line":24,"column":67}},"9":{"start":{"line":25,"column":4},"end":{"line":27,"column":5}},"10":{"start":{"line":26,"column":6},"end":{"line":26,"column":49}},"11":{"start":{"line":29,"column":23},"end":{"line":36,"column":3}},"12":{"start":{"line":30,"column":4},"end":{"line":30,"column":26}},"13":{"start":{"line":31,"column":4},"end":{"line":33,"column":7}},"14":{"start":{"line":35,"column":4},"end":{"line":35,"column":22}},"15":{"start":{"line":37,"column":23},"end":{"line":43,"column":3}},"16":{"start":{"line":38,"column":4},"end":{"line":38,"column":26}},"17":{"start":{"line":39,"column":4},"end":{"line":41,"column":7}},"18":{"start":{"line":42,"column":4},"end":{"line":42,"column":22}},"19":{"start":{"line":45,"column":24},"end":{"line":49,"column":3}},"20":{"start":{"line":46,"column":4},"end":{"line":46,"column":53}},"21":{"start":{"line":47,"column":4},"end":{"line":47,"column":26}},"22":{"start":{"line":48,"column":4},"end":{"line":48,"column":18}},"23":{"start":{"line":50,"column":2},"end":{"line":66,"column":17}},"24":{"start":{"line":51,"column":22},"end":{"line":64,"column":5}},"25":{"start":{"line":52,"column":6},"end":{"line":63,"column":7}},"26":{"start":{"line":53,"column":22},"end":{"line":59,"column":10}},"27":{"start":{"line":54,"column":10},"end":{"line":54,"column":34}},"28":{"start":{"line":54,"column":27},"end":{"line":54,"column":34}},"29":{"start":{"line":55,"column":10},"end":{"line":55,"column":39}},"30":{"start":{"line":56,"column":10},"end":{"line":58,"column":11}},"31":{"start":{"line":57,"column":12},"end":{"line":57,"column":33}},"32":{"start":{"line":60,"column":8},"end":{"line":62,"column":10}},"33":{"start":{"line":61,"column":10},"end":{"line":61,"column":18}},"34":{"start":{"line":65,"column":4},"end":{"line":65,"column":16}},"35":{"start":{"line":68,"column":2},"end":{"line":109,"column":4}},"36":{"start":{"line":77,"column":35},"end":{"line":77,"column":72}},"37":{"start":{"line":114,"column":18},"end":{"line":136,"column":1}},"38":{"start":{"line":123,"column":19},"end":{"line":125,"column":3}},"39":{"start":{"line":126,"column":19},"end":{"line":128,"column":7}},"40":{"start":{"line":138,"column":18},"end":{"line":165,"column":1}},"41":{"start":{"line":167,"column":15},"end":{"line":179,"column":1}}},"fnMap":{"0":{"name":"(anonymous_0)","decl":{"start":{"line":14,"column":13},"end":{"line":14,"column":14}},"loc":{"start":{"line":14,"column":19},"end":{"line":110,"column":1}},"line":14},"1":{"name":"(anonymous_1)","decl":{"start":{"line":20,"column":12},"end":{"line":20,"column":13}},"loc":{"start":{"line":20,"column":18},"end":{"line":22,"column":3}},"line":20},"2":{"name":"(anonymous_2)","decl":{"start":{"line":23,"column":24},"end":{"line":23,"column":25}},"loc":{"start":{"line":23,"column":36},"end":{"line":28,"column":3}},"line":23},"3":{"name":"(anonymous_3)","decl":{"start":{"line":29,"column":23},"end":{"line":29,"column":24}},"loc":{"start":{"line":29,"column":35},"end":{"line":36,"column":3}},"line":29},"4":{"name":"(anonymous_4)","decl":{"start":{"line":37,"column":23},"end":{"line":37,"column":24}},"loc":{"start":{"line":37,"column":35},"end":{"line":43,"column":3}},"line":37},"5":{"name":"(anonymous_5)","decl":{"start":{"line":45,"column":24},"end":{"line":45,"column":25}},"loc":{"start":{"line":45,"column":36},"end":{"line":49,"column":3}},"line":45},"6":{"name":"(anonymous_6)","decl":{"start":{"line":50,"column":12},"end":{"line":50,"column":13}},"loc":{"start":{"line":50,"column":18},"end":{"line":66,"column":3}},"line":50},"7":{"name":"(anonymous_7)","decl":{"start":{"line":51,"column":22},"end":{"line":51,"column":23}},"loc":{"start":{"line":51,"column":28},"end":{"line":64,"column":5}},"line":51},"8":{"name":"(anonymous_8)","decl":{"start":{"line":53,"column":66},"end":{"line":53,"column":67}},"loc":{"start":{"line":53,"column":75},"end":{"line":59,"column":9}},"line":53},"9":{"name":"(anonymous_9)","decl":{"start":{"line":60,"column":15},"end":{"line":60,"column":16}},"loc":{"start":{"line":60,"column":21},"end":{"line":62,"column":9}},"line":60},"10":{"name":"(anonymous_10)","decl":{"start":{"line":77,"column":29},"end":{"line":77,"column":30}},"loc":{"start":{"line":77,"column":35},"end":{"line":77,"column":72}},"line":77},"11":{"name":"(anonymous_11)","decl":{"start":{"line":123,"column":4},"end":{"line":123,"column":5}},"loc":{"start":{"line":123,"column":19},"end":{"line":125,"column":3}},"line":123},"12":{"name":"(anonymous_12)","decl":{"start":{"line":126,"column":4},"end":{"line":126,"column":5}},"loc":{"start":{"line":126,"column":19},"end":{"line":128,"column":7}},"line":126}},"branchMap":{"0":{"loc":{"start":{"line":25,"column":4},"end":{"line":27,"column":5}},"type":"if","locations":[{"start":{"line":25,"column":4},"end":{"line":27,"column":5}},{"start":{},"end":{}}],"line":25},"1":{"loc":{"start":{"line":52,"column":6},"end":{"line":63,"column":7}},"type":"if","locations":[{"start":{"line":52,"column":6},"end":{"line":63,"column":7}},{"start":{},"end":{}}],"line":52},"2":{"loc":{"start":{"line":54,"column":10},"end":{"line":54,"column":34}},"type":"if","locations":[{"start":{"line":54,"column":10},"end":{"line":54,"column":34}},{"start":{},"end":{}}],"line":54},"3":{"loc":{"start":{"line":56,"column":10},"end":{"line":58,"column":11}},"type":"if","locations":[{"start":{"line":56,"column":10},"end":{"line":58,"column":11}},{"start":{},"end":{}}],"line":56},"4":{"loc":{"start":{"line":71,"column":9},"end":{"line":106,"column":9}},"type":"cond-expr","locations":[{"start":{"line":72,"column":10},"end":{"line":92,"column":22}},{"start":{"line":93,"column":12},"end":{"line":106,"column":9}}],"line":71},"5":{"loc":{"start":{"line":71,"column":9},"end":{"line":71,"column":63}},"type":"binary-expr","locations":[{"start":{"line":71,"column":9},"end":{"line":71,"column":20}},{"start":{"line":71,"column":24},"end":{"line":71,"column":44}},{"start":{"line":71,"column":48},"end":{"line":71,"column":63}}],"line":71},"6":{"loc":{"start":{"line":93,"column":12},"end":{"line":106,"column":9}},"type":"cond-expr","locations":[{"start":{"line":94,"column":10},"end":{"line":101,"column":13}},{"start":{"line":102,"column":12},"end":{"line":106,"column":9}}],"line":93},"7":{"loc":{"start":{"line":102,"column":12},"end":{"line":106,"column":9}},"type":"cond-expr","locations":[{"start":{"line":103,"column":10},"end":{"line":103,"column":51}},{"start":{"line":105,"column":10},"end":{"line":105,"column":12}}],"line":102}},"s":{"0":0,"1":0,"2":0,"3":0,"4":0,"5":0,"6":0,"7":0,"8":0,"9":0,"10":0,"11":0,"12":0,"13":0,"14":0,"15":0,"16":0,"17":0,"18":0,"19":0,"20":0,"21":0,"22":0,"23":0,"24":0,"25":0,"26":0,"27":0,"28":0,"29":0,"30":0,"31":0,"32":0,"33":0,"34":0,"35":0,"36":0,"37":0,"38":0,"39":0,"40":0,"41":0},"f":{"0":0,"1":0,"2":0,"3":0,"4":0,"5":0,"6":0,"7":0,"8":0,"9":0,"10":0,"11":0,"12":0},"b":{"0":[0,0],"1":[0,0],"2":[0,0],"3":[0,0],"4":[0,0],"5":[0,0,0],"6":[0,0],"7":[0,0]}}
,"/Users/shuting/Paws on Patrol/src/components/LeftSideBar.js": {"path":"/Users/shuting/Paws on Patrol/src/components/LeftSideBar.js","statementMap":{"0":{"start":{"line":4,"column":20},"end":{"line":116,"column":1}},"1":{"start":{"line":19,"column":34},"end":{"line":19,"column":45}},"2":{"start":{"line":21,"column":19},"end":{"line":25,"column":3}},"3":{"start":{"line":22,"column":4},"end":{"line":24,"column":5}},"4":{"start":{"line":23,"column":6},"end":{"line":23,"column":24}},"5":{"start":{"line":26,"column":24},"end":{"line":34,"column":3}},"6":{"start":{"line":27,"column":4},"end":{"line":31,"column":5}},"7":{"start":{"line":28,"column":6},"end":{"line":28,"column":18}},"8":{"start":{"line":29,"column":6},"end":{"line":29,"column":25}},"9":{"start":{"line":30,"column":6},"end":{"line":30,"column":13}},"10":{"start":{"line":32,"column":4},"end":{"line":32,"column":20}},"11":{"start":{"line":33,"column":4},"end":{"line":33,"column":14}},"12":{"start":{"line":35,"column":2},"end":{"line":115,"column":4}},"13":{"start":{"line":41,"column":27},"end":{"line":41,"column":59}},"14":{"start":{"line":46,"column":27},"end":{"line":46,"column":59}},"15":{"start":{"line":58,"column":29},"end":{"line":58,"column":61}},"16":{"start":{"line":86,"column":14},"end":{"line":86,"column":24}},"17":{"start":{"line":87,"column":14},"end":{"line":87,"column":30}},"18":{"start":{"line":97,"column":29},"end":{"line":97,"column":48}},"19":{"start":{"line":103,"column":29},"end":{"line":103,"column":48}},"20":{"start":{"line":109,"column":29},"end":{"line":109,"column":48}},"21":{"start":{"line":120,"column":33},"end":{"line":150,"column":1}},"22":{"start":{"line":127,"column":37},"end":{"line":127,"column":60}},"23":{"start":{"line":129,"column":19},"end":{"line":139,"column":3}},"24":{"start":{"line":131,"column":27},"end":{"line":131,"column":68}},"25":{"start":{"line":142,"column":21},"end":{"line":148,"column":5}},"26":{"start":{"line":152,"column":25},"end":{"line":289,"column":1}},"27":{"start":{"line":154,"column":19},"end":{"line":155,"column":19}},"28":{"start":{"line":161,"column":21},"end":{"line":163,"column":5}},"29":{"start":{"line":225,"column":35},"end":{"line":225,"column":52}},"30":{"start":{"line":228,"column":52},"end":{"line":228,"column":69}},"31":{"start":{"line":241,"column":31},"end":{"line":241,"column":48}},"32":{"start":{"line":246,"column":43},"end":{"line":246,"column":60}},"33":{"start":{"line":248,"column":23},"end":{"line":252,"column":4}},"34":{"start":{"line":261,"column":41},"end":{"line":261,"column":58}},"35":{"start":{"line":262,"column":31},"end":{"line":262,"column":48}},"36":{"start":{"line":264,"column":23},"end":{"line":268,"column":4}}},"fnMap":{"0":{"name":"(anonymous_0)","decl":{"start":{"line":4,"column":20},"end":{"line":4,"column":21}},"loc":{"start":{"line":18,"column":6},"end":{"line":116,"column":1}},"line":18},"1":{"name":"(anonymous_1)","decl":{"start":{"line":21,"column":19},"end":{"line":21,"column":20}},"loc":{"start":{"line":21,"column":26},"end":{"line":25,"column":3}},"line":21},"2":{"name":"(anonymous_2)","decl":{"start":{"line":26,"column":24},"end":{"line":26,"column":25}},"loc":{"start":{"line":26,"column":32},"end":{"line":34,"column":3}},"line":26},"3":{"name":"(anonymous_3)","decl":{"start":{"line":41,"column":21},"end":{"line":41,"column":22}},"loc":{"start":{"line":41,"column":27},"end":{"line":41,"column":59}},"line":41},"4":{"name":"(anonymous_4)","decl":{"start":{"line":46,"column":21},"end":{"line":46,"column":22}},"loc":{"start":{"line":46,"column":27},"end":{"line":46,"column":59}},"line":46},"5":{"name":"(anonymous_5)","decl":{"start":{"line":58,"column":22},"end":{"line":58,"column":23}},"loc":{"start":{"line":58,"column":29},"end":{"line":58,"column":61}},"line":58},"6":{"name":"(anonymous_6)","decl":{"start":{"line":85,"column":21},"end":{"line":85,"column":22}},"loc":{"start":{"line":85,"column":27},"end":{"line":88,"column":13}},"line":85},"7":{"name":"(anonymous_7)","decl":{"start":{"line":97,"column":23},"end":{"line":97,"column":24}},"loc":{"start":{"line":97,"column":29},"end":{"line":97,"column":48}},"line":97},"8":{"name":"(anonymous_8)","decl":{"start":{"line":103,"column":23},"end":{"line":103,"column":24}},"loc":{"start":{"line":103,"column":29},"end":{"line":103,"column":48}},"line":103},"9":{"name":"(anonymous_9)","decl":{"start":{"line":109,"column":23},"end":{"line":109,"column":24}},"loc":{"start":{"line":109,"column":29},"end":{"line":109,"column":48}},"line":109},"10":{"name":"(anonymous_10)","decl":{"start":{"line":127,"column":22},"end":{"line":127,"column":23}},"loc":{"start":{"line":127,"column":37},"end":{"line":127,"column":60}},"line":127},"11":{"name":"(anonymous_11)","decl":{"start":{"line":129,"column":4},"end":{"line":129,"column":5}},"loc":{"start":{"line":129,"column":19},"end":{"line":139,"column":3}},"line":129},"12":{"name":"(anonymous_12)","decl":{"start":{"line":131,"column":15},"end":{"line":131,"column":16}},"loc":{"start":{"line":131,"column":27},"end":{"line":131,"column":68}},"line":131},"13":{"name":"(anonymous_13)","decl":{"start":{"line":142,"column":6},"end":{"line":142,"column":7}},"loc":{"start":{"line":142,"column":21},"end":{"line":148,"column":5}},"line":142},"14":{"name":"(anonymous_14)","decl":{"start":{"line":154,"column":4},"end":{"line":154,"column":5}},"loc":{"start":{"line":154,"column":19},"end":{"line":155,"column":19}},"line":154},"15":{"name":"(anonymous_15)","decl":{"start":{"line":161,"column":6},"end":{"line":161,"column":7}},"loc":{"start":{"line":161,"column":21},"end":{"line":163,"column":5}},"line":161},"16":{"name":"(anonymous_16)","decl":{"start":{"line":225,"column":20},"end":{"line":225,"column":21}},"loc":{"start":{"line":225,"column":35},"end":{"line":225,"column":52}},"line":225},"17":{"name":"(anonymous_17)","decl":{"start":{"line":228,"column":37},"end":{"line":228,"column":38}},"loc":{"start":{"line":228,"column":52},"end":{"line":228,"column":69}},"line":228},"18":{"name":"(anonymous_18)","decl":{"start":{"line":241,"column":16},"end":{"line":241,"column":17}},"loc":{"start":{"line":241,"column":31},"end":{"line":241,"column":48}},"line":241},"19":{"name":"(anonymous_19)","decl":{"start":{"line":246,"column":28},"end":{"line":246,"column":29}},"loc":{"start":{"line":246,"column":43},"end":{"line":246,"column":60}},"line":246},"20":{"name":"(anonymous_20)","decl":{"start":{"line":248,"column":8},"end":{"line":248,"column":9}},"loc":{"start":{"line":248,"column":23},"end":{"line":252,"column":4}},"line":248},"21":{"name":"(anonymous_21)","decl":{"start":{"line":261,"column":26},"end":{"line":261,"column":27}},"loc":{"start":{"line":261,"column":41},"end":{"line":261,"column":58}},"line":261},"22":{"name":"(anonymous_22)","decl":{"start":{"line":262,"column":16},"end":{"line":262,"column":17}},"loc":{"start":{"line":262,"column":31},"end":{"line":262,"column":48}},"line":262},"23":{"name":"(anonymous_23)","decl":{"start":{"line":264,"column":8},"end":{"line":264,"column":9}},"loc":{"start":{"line":264,"column":23},"end":{"line":268,"column":4}},"line":264}},"branchMap":{"0":{"loc":{"start":{"line":22,"column":4},"end":{"line":24,"column":5}},"type":"if","locations":[{"start":{"line":22,"column":4},"end":{"line":24,"column":5}},{"start":{},"end":{}}],"line":22},"1":{"loc":{"start":{"line":22,"column":8},"end":{"line":22,"column":49}},"type":"binary-expr","locations":[{"start":{"line":22,"column":8},"end":{"line":22,"column":25}},{"start":{"line":22,"column":29},"end":{"line":22,"column":49}}],"line":22},"2":{"loc":{"start":{"line":27,"column":4},"end":{"line":31,"column":5}},"type":"if","locations":[{"start":{"line":27,"column":4},"end":{"line":31,"column":5}},{"start":{},"end":{}}],"line":27},"3":{"loc":{"start":{"line":38,"column":9},"end":{"line":48,"column":9}},"type":"cond-expr","locations":[{"start":{"line":39,"column":10},"end":{"line":42,"column":12}},{"start":{"line":44,"column":10},"end":{"line":47,"column":12}}],"line":38},"4":{"loc":{"start":{"line":95,"column":16},"end":{"line":95,"column":77}},"type":"cond-expr","locations":[{"start":{"line":95,"column":52},"end":{"line":95,"column":66}},{"start":{"line":95,"column":69},"end":{"line":95,"column":77}}],"line":95},"5":{"loc":{"start":{"line":95,"column":16},"end":{"line":95,"column":49}},"type":"binary-expr","locations":[{"start":{"line":95,"column":16},"end":{"line":95,"column":28}},{"start":{"line":95,"column":32},"end":{"line":95,"column":49}}],"line":95},"6":{"loc":{"start":{"line":101,"column":16},"end":{"line":101,"column":77}},"type":"cond-expr","locations":[{"start":{"line":101,"column":52},"end":{"line":101,"column":66}},{"start":{"line":101,"column":69},"end":{"line":101,"column":77}}],"line":101},"7":{"loc":{"start":{"line":101,"column":16},"end":{"line":101,"column":49}},"type":"binary-expr","locations":[{"start":{"line":101,"column":16},"end":{"line":101,"column":28}},{"start":{"line":101,"column":32},"end":{"line":101,"column":49}}],"line":101},"8":{"loc":{"start":{"line":107,"column":16},"end":{"line":107,"column":77}},"type":"cond-expr","locations":[{"start":{"line":107,"column":52},"end":{"line":107,"column":66}},{"start":{"line":107,"column":69},"end":{"line":107,"column":77}}],"line":107},"9":{"loc":{"start":{"line":107,"column":16},"end":{"line":107,"column":49}},"type":"binary-expr","locations":[{"start":{"line":107,"column":16},"end":{"line":107,"column":28}},{"start":{"line":107,"column":32},"end":{"line":107,"column":49}}],"line":107},"10":{"loc":{"start":{"line":131,"column":27},"end":{"line":131,"column":68}},"type":"cond-expr","locations":[{"start":{"line":131,"column":49},"end":{"line":131,"column":57}},{"start":{"line":131,"column":60},"end":{"line":131,"column":68}}],"line":131}},"s":{"0":0,"1":0,"2":0,"3":0,"4":0,"5":0,"6":0,"7":0,"8":0,"9":0,"10":0,"11":0,"12":0,"13":0,"14":0,"15":0,"16":0,"17":0,"18":0,"19":0,"20":0,"21":0,"22":0,"23":0,"24":0,"25":0,"26":0,"27":0,"28":0,"29":0,"30":0,"31":0,"32":0,"33":0,"34":0,"35":0,"36":0},"f":{"0":0,"1":0,"2":0,"3":0,"4":0,"5":0,"6":0,"7":0,"8":0,"9":0,"10":0,"11":0,"12":0,"13":0,"14":0,"15":0,"16":0,"17":0,"18":0,"19":0,"20":0,"21":0,"22":0,"23":0},"b":{"0":[0,0],"1":[0,0],"2":[0,0],"3":[0,0],"4":[0,0],"5":[0,0],"6":[0,0],"7":[0,0],"8":[0,0],"9":[0,0],"10":[0,0]}}
,"/Users/shuting/Paws on Patrol/src/components/Loader.js": {"path":"/Users/shuting/Paws on Patrol/src/components/Loader.js","statementMap":{"0":{"start":{"line":4,"column":15},"end":{"line":11,"column":1}},"1":{"start":{"line":5,"column":2},"end":{"line":10,"column":4}},"2":{"start":{"line":15,"column":28},"end":{"line":27,"column":1}}},"fnMap":{"0":{"name":"(anonymous_0)","decl":{"start":{"line":4,"column":15},"end":{"line":4,"column":16}},"loc":{"start":{"line":4,"column":21},"end":{"line":11,"column":1}},"line":4}},"branchMap":{},"s":{"0":0,"1":0,"2":0},"f":{"0":0},"b":{}}
,"/Users/shuting/Paws on Patrol/src/components/Login.js": {"path":"/Users/shuting/Paws on Patrol/src/components/Login.js","statementMap":{"0":{"start":{"line":10,"column":14},"end":{"line":101,"column":1}},"1":{"start":{"line":11,"column":16},"end":{"line":11,"column":59}},"2":{"start":{"line":12,"column":38},"end":{"line":12,"column":63}},"3":{"start":{"line":13,"column":44},"end":{"line":13,"column":63}},"4":{"start":{"line":14,"column":40},"end":{"line":14,"column":55}},"5":{"start":{"line":15,"column":64},"end":{"line":15,"column":74}},"6":{"start":{"line":16,"column":19},"end":{"line":16,"column":32}},"7":{"start":{"line":18,"column":2},"end":{"line":25,"column":20}},"8":{"start":{"line":19,"column":4},"end":{"line":24,"column":5}},"9":{"start":{"line":20,"column":22},"end":{"line":22,"column":14}},"10":{"start":{"line":21,"column":8},"end":{"line":21,"column":30}},"11":{"start":{"line":23,"column":6},"end":{"line":23,"column":41}},"12":{"start":{"line":23,"column":19},"end":{"line":23,"column":40}},"13":{"start":{"line":27,"column":23},"end":{"line":56,"column":3}},"14":{"start":{"line":28,"column":4},"end":{"line":32,"column":5}},"15":{"start":{"line":29,"column":6},"end":{"line":29,"column":27}},"16":{"start":{"line":30,"column":6},"end":{"line":30,"column":33}},"17":{"start":{"line":31,"column":6},"end":{"line":31,"column":13}},"18":{"start":{"line":33,"column":4},"end":{"line":55,"column":5}},"19":{"start":{"line":34,"column":6},"end":{"line":34,"column":46}},"20":{"start":{"line":35,"column":6},"end":{"line":35,"column":26}},"21":{"start":{"line":36,"column":6},"end":{"line":36,"column":23}},"22":{"start":{"line":37,"column":6},"end":{"line":37,"column":27}},"23":{"start":{"line":39,"column":6},"end":{"line":39,"column":27}},"24":{"start":{"line":40,"column":22},"end":{"line":40,"column":46}},"25":{"start":{"line":41,"column":6},"end":{"line":54,"column":7}},"26":{"start":{"line":43,"column":10},"end":{"line":43,"column":35}},"27":{"start":{"line":44,"column":10},"end":{"line":44,"column":16}},"28":{"start":{"line":46,"column":10},"end":{"line":46,"column":34}},"29":{"start":{"line":47,"column":10},"end":{"line":47,"column":16}},"30":{"start":{"line":49,"column":10},"end":{"line":49,"column":41}},"31":{"start":{"line":50,"column":10},"end":{"line":50,"column":16}},"32":{"start":{"line":52,"column":10},"end":{"line":52,"column":34}},"33":{"start":{"line":53,"column":10},"end":{"line":53,"column":16}},"34":{"start":{"line":58,"column":2},"end":{"line":58,"column":30}},"35":{"start":{"line":58,"column":18},"end":{"line":58,"column":30}},"36":{"start":{"line":59,"column":2},"end":{"line":100,"column":4}},"37":{"start":{"line":73,"column":16},"end":{"line":73,"column":46}},"38":{"start":{"line":81,"column":16},"end":{"line":81,"column":49}}},"fnMap":{"0":{"name":"(anonymous_0)","decl":{"start":{"line":10,"column":14},"end":{"line":10,"column":15}},"loc":{"start":{"line":10,"column":66},"end":{"line":101,"column":1}},"line":10},"1":{"name":"(anonymous_1)","decl":{"start":{"line":18,"column":12},"end":{"line":18,"column":13}},"loc":{"start":{"line":18,"column":18},"end":{"line":25,"column":3}},"line":18},"2":{"name":"(anonymous_2)","decl":{"start":{"line":20,"column":33},"end":{"line":20,"column":34}},"loc":{"start":{"line":20,"column":39},"end":{"line":22,"column":7}},"line":20},"3":{"name":"(anonymous_3)","decl":{"start":{"line":23,"column":13},"end":{"line":23,"column":14}},"loc":{"start":{"line":23,"column":19},"end":{"line":23,"column":40}},"line":23},"4":{"name":"(anonymous_4)","decl":{"start":{"line":27,"column":23},"end":{"line":27,"column":24}},"loc":{"start":{"line":27,"column":35},"end":{"line":56,"column":3}},"line":27},"5":{"name":"(anonymous_5)","decl":{"start":{"line":72,"column":24},"end":{"line":72,"column":25}},"loc":{"start":{"line":72,"column":31},"end":{"line":74,"column":15}},"line":72},"6":{"name":"(anonymous_6)","decl":{"start":{"line":80,"column":24},"end":{"line":80,"column":25}},"loc":{"start":{"line":80,"column":31},"end":{"line":82,"column":15}},"line":80}},"branchMap":{"0":{"loc":{"start":{"line":19,"column":4},"end":{"line":24,"column":5}},"type":"if","locations":[{"start":{"line":19,"column":4},"end":{"line":24,"column":5}},{"start":{},"end":{}}],"line":19},"1":{"loc":{"start":{"line":28,"column":4},"end":{"line":32,"column":5}},"type":"if","locations":[{"start":{"line":28,"column":4},"end":{"line":32,"column":5}},{"start":{},"end":{}}],"line":28},"2":{"loc":{"start":{"line":28,"column":8},"end":{"line":28,"column":37}},"type":"binary-expr","locations":[{"start":{"line":28,"column":8},"end":{"line":28,"column":19}},{"start":{"line":28,"column":23},"end":{"line":28,"column":37}}],"line":28},"3":{"loc":{"start":{"line":41,"column":6},"end":{"line":54,"column":7}},"type":"switch","locations":[{"start":{"line":42,"column":8},"end":{"line":44,"column":16}},{"start":{"line":45,"column":8},"end":{"line":47,"column":16}},{"start":{"line":48,"column":8},"end":{"line":50,"column":16}},{"start":{"line":51,"column":8},"end":{"line":53,"column":16}}],"line":41},"4":{"loc":{"start":{"line":58,"column":2},"end":{"line":58,"column":30}},"type":"if","locations":[{"start":{"line":58,"column":2},"end":{"line":58,"column":30}},{"start":{},"end":{}}],"line":58},"5":{"loc":{"start":{"line":94,"column":11},"end":{"line":96,"column":11}},"type":"binary-expr","locations":[{"start":{"line":94,"column":11},"end":{"line":94,"column":22}},{"start":{"line":94,"column":26},"end":{"line":94,"column":38}},{"start":{"line":95,"column":12},"end":{"line":95,"column":55}}],"line":94}},"s":{"0":0,"1":0,"2":0,"3":0,"4":0,"5":0,"6":0,"7":0,"8":0,"9":0,"10":0,"11":0,"12":0,"13":0,"14":0,"15":0,"16":0,"17":0,"18":0,"19":0,"20":0,"21":0,"22":0,"23":0,"24":0,"25":0,"26":0,"27":0,"28":0,"29":0,"30":0,"31":0,"32":0,"33":0,"34":0,"35":0,"36":0,"37":0,"38":0},"f":{"0":0,"1":0,"2":0,"3":0,"4":0,"5":0,"6":0},"b":{"0":[0,0],"1":[0,0],"2":[0,0],"3":[0,0,0,0],"4":[0,0],"5":[0,0,0]}}
,"/Users/shuting/Paws on Patrol/src/components/Map.js": {"path":"/Users/shuting/Paws on Patrol/src/components/Map.js","statementMap":{"0":{"start":{"line":12,"column":23},"end":{"line":15,"column":1}},"1":{"start":{"line":36,"column":18},"end":{"line":54,"column":15}},"2":{"start":{"line":37,"column":4},"end":{"line":53,"column":6}},"3":{"start":{"line":40,"column":10},"end":{"line":49,"column":11}},"4":{"start":{"line":41,"column":12},"end":{"line":48,"column":14}},"5":{"start":{"line":43,"column":32},"end":{"line":43,"column":52}},"6":{"start":{"line":50,"column":10},"end":{"line":50,"column":22}},"7":{"start":{"line":56,"column":2},"end":{"line":96,"column":4}},"8":{"start":{"line":74,"column":10},"end":{"line":74,"column":31}},"9":{"start":{"line":99,"column":18},"end":{"line":102,"column":1}}},"fnMap":{"0":{"name":"Map","decl":{"start":{"line":17,"column":9},"end":{"line":17,"column":12}},"loc":{"start":{"line":34,"column":3},"end":{"line":97,"column":1}},"line":34},"1":{"name":"(anonymous_1)","decl":{"start":{"line":36,"column":26},"end":{"line":36,"column":27}},"loc":{"start":{"line":36,"column":32},"end":{"line":54,"column":3}},"line":36},"2":{"name":"(anonymous_2)","decl":{"start":{"line":39,"column":21},"end":{"line":39,"column":22}},"loc":{"start":{"line":39,"column":28},"end":{"line":51,"column":9}},"line":39},"3":{"name":"(anonymous_3)","decl":{"start":{"line":43,"column":25},"end":{"line":43,"column":26}},"loc":{"start":{"line":43,"column":32},"end":{"line":43,"column":52}},"line":43},"4":{"name":"(anonymous_4)","decl":{"start":{"line":73,"column":16},"end":{"line":73,"column":17}},"loc":{"start":{"line":73,"column":25},"end":{"line":75,"column":9}},"line":73}},"branchMap":{"0":{"loc":{"start":{"line":40,"column":10},"end":{"line":49,"column":11}},"type":"if","locations":[{"start":{"line":40,"column":10},"end":{"line":49,"column":11}},{"start":{},"end":{}}],"line":40},"1":{"loc":{"start":{"line":56,"column":9},"end":{"line":96,"column":3}},"type":"cond-expr","locations":[{"start":{"line":57,"column":4},"end":{"line":93,"column":16}},{"start":{"line":95,"column":4},"end":{"line":95,"column":14}}],"line":56},"2":{"loc":{"start":{"line":78,"column":9},"end":{"line":91,"column":9}},"type":"binary-expr","locations":[{"start":{"line":78,"column":9},"end":{"line":78,"column":15}},{"start":{"line":78,"column":19},"end":{"line":78,"column":31}},{"start":{"line":79,"column":10},"end":{"line":90,"column":12}}],"line":78},"3":{"loc":{"start":{"line":81,"column":20},"end":{"line":81,"column":34}},"type":"cond-expr","locations":[{"start":{"line":81,"column":25},"end":{"line":81,"column":27}},{"start":{"line":81,"column":30},"end":{"line":81,"column":34}}],"line":81}},"s":{"0":0,"1":0,"2":0,"3":0,"4":0,"5":0,"6":0,"7":0,"8":0,"9":0},"f":{"0":0,"1":0,"2":0,"3":0,"4":0},"b":{"0":[0,0],"1":[0,0],"2":[0,0,0],"3":[0,0]}}
,"/Users/shuting/Paws on Patrol/src/components/Nav.js": {"path":"/Users/shuting/Paws on Patrol/src/components/Nav.js","statementMap":{"0":{"start":{"line":18,"column":12},"end":{"line":121,"column":1}},"1":{"start":{"line":27,"column":6},"end":{"line":27,"column":16}},"2":{"start":{"line":28,"column":20},"end":{"line":28,"column":28}},"3":{"start":{"line":30,"column":2},"end":{"line":50,"column":13}},"4":{"start":{"line":31,"column":28},"end":{"line":48,"column":5}},"5":{"start":{"line":32,"column":6},"end":{"line":47,"column":7}},"6":{"start":{"line":33,"column":18},"end":{"line":37,"column":9}},"7":{"start":{"line":38,"column":28},"end":{"line":43,"column":10}},"8":{"start":{"line":39,"column":33},"end":{"line":41,"column":11}},"9":{"start":{"line":40,"column":21},"end":{"line":40,"column":52}},"10":{"start":{"line":42,"column":10},"end":{"line":42,"column":52}},"11":{"start":{"line":44,"column":8},"end":{"line":46,"column":10}},"12":{"start":{"line":45,"column":10},"end":{"line":45,"column":24}},"13":{"start":{"line":49,"column":4},"end":{"line":49,"column":22}},"14":{"start":{"line":52,"column":19},"end":{"line":52,"column":32}},"15":{"start":{"line":54,"column":27},"end":{"line":56,"column":3}},"16":{"start":{"line":55,"column":4},"end":{"line":55,"column":39}},"17":{"start":{"line":58,"column":29},"end":{"line":66,"column":3}},"18":{"start":{"line":59,"column":4},"end":{"line":65,"column":5}},"19":{"start":{"line":64,"column":6},"end":{"line":64,"column":31}},"20":{"start":{"line":68,"column":2},"end":{"line":120,"column":4}},"21":{"start":{"line":81,"column":16},"end":{"line":81,"column":34}},"22":{"start":{"line":87,"column":16},"end":{"line":87,"column":34}},"23":{"start":{"line":98,"column":31},"end":{"line":98,"column":49}},"24":{"start":{"line":106,"column":18},"end":{"line":106,"column":37}},"25":{"start":{"line":107,"column":18},"end":{"line":107,"column":39}},"26":{"start":{"line":108,"column":18},"end":{"line":108,"column":39}},"27":{"start":{"line":124,"column":18},"end":{"line":130,"column":1}},"28":{"start":{"line":129,"column":37},"end":{"line":129,"column":60}},"29":{"start":{"line":132,"column":13},"end":{"line":146,"column":1}},"30":{"start":{"line":148,"column":16},"end":{"line":211,"column":1}},"31":{"start":{"line":154,"column":19},"end":{"line":156,"column":7}},"32":{"start":{"line":157,"column":19},"end":{"line":159,"column":7}},"33":{"start":{"line":175,"column":21},"end":{"line":177,"column":3}},"34":{"start":{"line":185,"column":21},"end":{"line":188,"column":7}},"35":{"start":{"line":201,"column":23},"end":{"line":204,"column":7}}},"fnMap":{"0":{"name":"(anonymous_0)","decl":{"start":{"line":18,"column":12},"end":{"line":18,"column":13}},"loc":{"start":{"line":18,"column":64},"end":{"line":121,"column":1}},"line":18},"1":{"name":"(anonymous_1)","decl":{"start":{"line":30,"column":12},"end":{"line":30,"column":13}},"loc":{"start":{"line":30,"column":18},"end":{"line":50,"column":3}},"line":30},"2":{"name":"(anonymous_2)","decl":{"start":{"line":31,"column":28},"end":{"line":31,"column":29}},"loc":{"start":{"line":31,"column":40},"end":{"line":48,"column":5}},"line":31},"3":{"name":"(anonymous_3)","decl":{"start":{"line":38,"column":42},"end":{"line":38,"column":43}},"loc":{"start":{"line":38,"column":56},"end":{"line":43,"column":9}},"line":38},"4":{"name":"(anonymous_4)","decl":{"start":{"line":40,"column":12},"end":{"line":40,"column":13}},"loc":{"start":{"line":40,"column":21},"end":{"line":40,"column":52}},"line":40},"5":{"name":"(anonymous_5)","decl":{"start":{"line":44,"column":15},"end":{"line":44,"column":16}},"loc":{"start":{"line":44,"column":21},"end":{"line":46,"column":9}},"line":44},"6":{"name":"(anonymous_6)","decl":{"start":{"line":54,"column":27},"end":{"line":54,"column":28}},"loc":{"start":{"line":54,"column":33},"end":{"line":56,"column":3}},"line":54},"7":{"name":"(anonymous_7)","decl":{"start":{"line":58,"column":29},"end":{"line":58,"column":30}},"loc":{"start":{"line":58,"column":36},"end":{"line":66,"column":3}},"line":58},"8":{"name":"(anonymous_8)","decl":{"start":{"line":80,"column":23},"end":{"line":80,"column":24}},"loc":{"start":{"line":80,"column":29},"end":{"line":82,"column":15}},"line":80},"9":{"name":"(anonymous_9)","decl":{"start":{"line":86,"column":23},"end":{"line":86,"column":24}},"loc":{"start":{"line":86,"column":29},"end":{"line":88,"column":15}},"line":86},"10":{"name":"(anonymous_10)","decl":{"start":{"line":98,"column":25},"end":{"line":98,"column":26}},"loc":{"start":{"line":98,"column":31},"end":{"line":98,"column":49}},"line":98},"11":{"name":"(anonymous_11)","decl":{"start":{"line":105,"column":25},"end":{"line":105,"column":26}},"loc":{"start":{"line":105,"column":31},"end":{"line":109,"column":17}},"line":105},"12":{"name":"(anonymous_12)","decl":{"start":{"line":129,"column":22},"end":{"line":129,"column":23}},"loc":{"start":{"line":129,"column":37},"end":{"line":129,"column":60}},"line":129},"13":{"name":"(anonymous_13)","decl":{"start":{"line":154,"column":4},"end":{"line":154,"column":5}},"loc":{"start":{"line":154,"column":19},"end":{"line":156,"column":7}},"line":154},"14":{"name":"(anonymous_14)","decl":{"start":{"line":157,"column":4},"end":{"line":157,"column":5}},"loc":{"start":{"line":157,"column":19},"end":{"line":159,"column":7}},"line":157},"15":{"name":"(anonymous_15)","decl":{"start":{"line":175,"column":6},"end":{"line":175,"column":7}},"loc":{"start":{"line":175,"column":21},"end":{"line":177,"column":3}},"line":175},"16":{"name":"(anonymous_16)","decl":{"start":{"line":185,"column":6},"end":{"line":185,"column":7}},"loc":{"start":{"line":185,"column":21},"end":{"line":188,"column":7}},"line":185},"17":{"name":"(anonymous_17)","decl":{"start":{"line":201,"column":8},"end":{"line":201,"column":9}},"loc":{"start":{"line":201,"column":23},"end":{"line":204,"column":7}},"line":201}},"branchMap":{"0":{"loc":{"start":{"line":32,"column":6},"end":{"line":47,"column":7}},"type":"if","locations":[{"start":{"line":32,"column":6},"end":{"line":47,"column":7}},{"start":{},"end":{}}],"line":32},"1":{"loc":{"start":{"line":32,"column":10},"end":{"line":32,"column":26}},"type":"binary-expr","locations":[{"start":{"line":32,"column":10},"end":{"line":32,"column":14}},{"start":{"line":32,"column":18},"end":{"line":32,"column":26}}],"line":32},"2":{"loc":{"start":{"line":59,"column":4},"end":{"line":65,"column":5}},"type":"if","locations":[{"start":{"line":59,"column":4},"end":{"line":65,"column":5}},{"start":{},"end":{}}],"line":59},"3":{"loc":{"start":{"line":60,"column":6},"end":{"line":62,"column":35}},"type":"binary-expr","locations":[{"start":{"line":60,"column":6},"end":{"line":60,"column":23}},{"start":{"line":61,"column":6},"end":{"line":61,"column":43}},{"start":{"line":62,"column":6},"end":{"line":62,"column":35}}],"line":60},"4":{"loc":{"start":{"line":70,"column":7},"end":{"line":72,"column":7}},"type":"binary-expr","locations":[{"start":{"line":70,"column":7},"end":{"line":70,"column":21}},{"start":{"line":71,"column":8},"end":{"line":71,"column":78}}],"line":70},"5":{"loc":{"start":{"line":94,"column":13},"end":{"line":111,"column":13}},"type":"cond-expr","locations":[{"start":{"line":95,"column":14},"end":{"line":100,"column":16}},{"start":{"line":102,"column":14},"end":{"line":110,"column":16}}],"line":94},"6":{"loc":{"start":{"line":97,"column":21},"end":{"line":97,"column":64}},"type":"cond-expr","locations":[{"start":{"line":97,"column":37},"end":{"line":97,"column":50}},{"start":{"line":97,"column":53},"end":{"line":97,"column":64}}],"line":97},"7":{"loc":{"start":{"line":112,"column":13},"end":{"line":112,"column":60}},"type":"binary-expr","locations":[{"start":{"line":112,"column":13},"end":{"line":112,"column":24}},{"start":{"line":112,"column":28},"end":{"line":112,"column":60}}],"line":112}},"s":{"0":0,"1":0,"2":0,"3":0,"4":0,"5":0,"6":0,"7":0,"8":0,"9":0,"10":0,"11":0,"12":0,"13":0,"14":0,"15":0,"16":0,"17":0,"18":0,"19":0,"20":0,"21":0,"22":0,"23":0,"24":0,"25":0,"26":0,"27":0,"28":0,"29":0,"30":0,"31":0,"32":0,"33":0,"34":0,"35":0},"f":{"0":0,"1":0,"2":0,"3":0,"4":0,"5":0,"6":0,"7":0,"8":0,"9":0,"10":0,"11":0,"12":0,"13":0,"14":0,"15":0,"16":0,"17":0},"b":{"0":[0,0],"1":[0,0],"2":[0,0],"3":[0,0,0],"4":[0,0],"5":[0,0],"6":[0,0],"7":[0,0]}}
,"/Users/shuting/Paws on Patrol/src/components/ProtectedRoute.js": {"path":"/Users/shuting/Paws on Patrol/src/components/ProtectedRoute.js","statementMap":{"0":{"start":{"line":4,"column":23},"end":{"line":7,"column":1}},"1":{"start":{"line":5,"column":19},"end":{"line":5,"column":29}},"2":{"start":{"line":6,"column":2},"end":{"line":6,"column":53}}},"fnMap":{"0":{"name":"(anonymous_0)","decl":{"start":{"line":4,"column":23},"end":{"line":4,"column":24}},"loc":{"start":{"line":4,"column":29},"end":{"line":7,"column":1}},"line":4}},"branchMap":{"0":{"loc":{"start":{"line":6,"column":9},"end":{"line":6,"column":52}},"type":"cond-expr","locations":[{"start":{"line":6,"column":16},"end":{"line":6,"column":26}},{"start":{"line":6,"column":29},"end":{"line":6,"column":52}}],"line":6}},"s":{"0":0,"1":0,"2":0},"f":{"0":0},"b":{"0":[0,0]}}
,"/Users/shuting/Paws on Patrol/src/components/Signup.js": {"path":"/Users/shuting/Paws on Patrol/src/components/Signup.js","statementMap":{"0":{"start":{"line":16,"column":15},"end":{"line":125,"column":1}},"1":{"start":{"line":17,"column":16},"end":{"line":17,"column":59}},"2":{"start":{"line":18,"column":38},"end":{"line":18,"column":50}},"3":{"start":{"line":19,"column":40},"end":{"line":19,"column":52}},"4":{"start":{"line":20,"column":40},"end":{"line":20,"column":55}},"5":{"start":{"line":21,"column":46},"end":{"line":21,"column":58}},"6":{"start":{"line":30,"column":6},"end":{"line":30,"column":16}},"7":{"start":{"line":31,"column":19},"end":{"line":31,"column":32}},"8":{"start":{"line":32,"column":26},"end":{"line":70,"column":3}},"9":{"start":{"line":33,"column":4},"end":{"line":37,"column":5}},"10":{"start":{"line":34,"column":6},"end":{"line":34,"column":27}},"11":{"start":{"line":35,"column":6},"end":{"line":35,"column":33}},"12":{"start":{"line":36,"column":6},"end":{"line":36,"column":13}},"13":{"start":{"line":38,"column":4},"end":{"line":69,"column":5}},"14":{"start":{"line":39,"column":26},"end":{"line":39,"column":71}},"15":{"start":{"line":40,"column":6},"end":{"line":40,"column":27}},"16":{"start":{"line":41,"column":6},"end":{"line":41,"column":23}},"17":{"start":{"line":42,"column":6},"end":{"line":50,"column":7}},"18":{"start":{"line":43,"column":8},"end":{"line":43,"column":69}},"19":{"start":{"line":44,"column":23},"end":{"line":44,"column":43}},"20":{"start":{"line":45,"column":8},"end":{"line":49,"column":11}},"21":{"start":{"line":51,"column":6},"end":{"line":51,"column":27}},"22":{"start":{"line":53,"column":6},"end":{"line":53,"column":27}},"23":{"start":{"line":54,"column":22},"end":{"line":54,"column":46}},"24":{"start":{"line":55,"column":6},"end":{"line":68,"column":7}},"25":{"start":{"line":57,"column":10},"end":{"line":57,"column":37}},"26":{"start":{"line":58,"column":10},"end":{"line":58,"column":16}},"27":{"start":{"line":60,"column":10},"end":{"line":60,"column":41}},"28":{"start":{"line":61,"column":10},"end":{"line":61,"column":16}},"29":{"start":{"line":63,"column":10},"end":{"line":63,"column":39}},"30":{"start":{"line":64,"column":10},"end":{"line":64,"column":16}},"31":{"start":{"line":66,"column":10},"end":{"line":66,"column":34}},"32":{"start":{"line":67,"column":10},"end":{"line":67,"column":16}},"33":{"start":{"line":71,"column":2},"end":{"line":78,"column":20}},"34":{"start":{"line":72,"column":4},"end":{"line":77,"column":5}},"35":{"start":{"line":73,"column":22},"end":{"line":75,"column":14}},"36":{"start":{"line":74,"column":8},"end":{"line":74,"column":30}},"37":{"start":{"line":76,"column":6},"end":{"line":76,"column":41}},"38":{"start":{"line":76,"column":19},"end":{"line":76,"column":40}},"39":{"start":{"line":80,"column":2},"end":{"line":80,"column":31}},"40":{"start":{"line":80,"column":19},"end":{"line":80,"column":31}},"41":{"start":{"line":81,"column":2},"end":{"line":124,"column":4}},"42":{"start":{"line":95,"column":14},"end":{"line":95,"column":44}},"43":{"start":{"line":102,"column":14},"end":{"line":102,"column":45}},"44":{"start":{"line":108,"column":29},"end":{"line":108,"column":62}}},"fnMap":{"0":{"name":"(anonymous_0)","decl":{"start":{"line":16,"column":15},"end":{"line":16,"column":16}},"loc":{"start":{"line":16,"column":69},"end":{"line":125,"column":1}},"line":16},"1":{"name":"(anonymous_1)","decl":{"start":{"line":32,"column":26},"end":{"line":32,"column":27}},"loc":{"start":{"line":32,"column":38},"end":{"line":70,"column":3}},"line":32},"2":{"name":"(anonymous_2)","decl":{"start":{"line":71,"column":12},"end":{"line":71,"column":13}},"loc":{"start":{"line":71,"column":18},"end":{"line":78,"column":3}},"line":71},"3":{"name":"(anonymous_3)","decl":{"start":{"line":73,"column":33},"end":{"line":73,"column":34}},"loc":{"start":{"line":73,"column":39},"end":{"line":75,"column":7}},"line":73},"4":{"name":"(anonymous_4)","decl":{"start":{"line":76,"column":13},"end":{"line":76,"column":14}},"loc":{"start":{"line":76,"column":19},"end":{"line":76,"column":40}},"line":76},"5":{"name":"(anonymous_5)","decl":{"start":{"line":94,"column":22},"end":{"line":94,"column":23}},"loc":{"start":{"line":94,"column":29},"end":{"line":96,"column":13}},"line":94},"6":{"name":"(anonymous_6)","decl":{"start":{"line":101,"column":22},"end":{"line":101,"column":23}},"loc":{"start":{"line":101,"column":29},"end":{"line":103,"column":13}},"line":101},"7":{"name":"(anonymous_7)","decl":{"start":{"line":108,"column":22},"end":{"line":108,"column":23}},"loc":{"start":{"line":108,"column":29},"end":{"line":108,"column":62}},"line":108}},"branchMap":{"0":{"loc":{"start":{"line":33,"column":4},"end":{"line":37,"column":5}},"type":"if","locations":[{"start":{"line":33,"column":4},"end":{"line":37,"column":5}},{"start":{},"end":{}}],"line":33},"1":{"loc":{"start":{"line":33,"column":8},"end":{"line":33,"column":54}},"type":"binary-expr","locations":[{"start":{"line":33,"column":8},"end":{"line":33,"column":19}},{"start":{"line":33,"column":23},"end":{"line":33,"column":35}},{"start":{"line":33,"column":39},"end":{"line":33,"column":54}}],"line":33},"2":{"loc":{"start":{"line":42,"column":6},"end":{"line":50,"column":7}},"type":"if","locations":[{"start":{"line":42,"column":6},"end":{"line":50,"column":7}},{"start":{},"end":{}}],"line":42},"3":{"loc":{"start":{"line":55,"column":6},"end":{"line":68,"column":7}},"type":"switch","locations":[{"start":{"line":56,"column":8},"end":{"line":58,"column":16}},{"start":{"line":59,"column":8},"end":{"line":61,"column":16}},{"start":{"line":62,"column":8},"end":{"line":64,"column":16}},{"start":{"line":65,"column":8},"end":{"line":67,"column":16}}],"line":55},"4":{"loc":{"start":{"line":72,"column":4},"end":{"line":77,"column":5}},"type":"if","locations":[{"start":{"line":72,"column":4},"end":{"line":77,"column":5}},{"start":{},"end":{}}],"line":72},"5":{"loc":{"start":{"line":80,"column":2},"end":{"line":80,"column":31}},"type":"if","locations":[{"start":{"line":80,"column":2},"end":{"line":80,"column":31}},{"start":{},"end":{}}],"line":80},"6":{"loc":{"start":{"line":119,"column":9},"end":{"line":121,"column":9}},"type":"binary-expr","locations":[{"start":{"line":119,"column":9},"end":{"line":119,"column":20}},{"start":{"line":119,"column":24},"end":{"line":119,"column":36}},{"start":{"line":120,"column":10},"end":{"line":120,"column":53}}],"line":119}},"s":{"0":0,"1":0,"2":0,"3":0,"4":0,"5":0,"6":0,"7":0,"8":0,"9":0,"10":0,"11":0,"12":0,"13":0,"14":0,"15":0,"16":0,"17":0,"18":0,"19":0,"20":0,"21":0,"22":0,"23":0,"24":0,"25":0,"26":0,"27":0,"28":0,"29":0,"30":0,"31":0,"32":0,"33":0,"34":0,"35":0,"36":0,"37":0,"38":0,"39":0,"40":0,"41":0,"42":0,"43":0,"44":0},"f":{"0":0,"1":0,"2":0,"3":0,"4":0,"5":0,"6":0,"7":0},"b":{"0":[0,0],"1":[0,0,0],"2":[0,0],"3":[0,0,0,0],"4":[0,0],"5":[0,0],"6":[0,0,0]}}
,"/Users/shuting/Paws on Patrol/src/components/UserBox.js": {"path":"/Users/shuting/Paws on Patrol/src/components/UserBox.js","statementMap":{"0":{"start":{"line":7,"column":16},"end":{"line":78,"column":1}},"1":{"start":{"line":15,"column":34},"end":{"line":15,"column":46}},"2":{"start":{"line":16,"column":36},"end":{"line":16,"column":48}},"3":{"start":{"line":17,"column":40},"end":{"line":17,"column":52}},"4":{"start":{"line":18,"column":34},"end":{"line":18,"column":46}},"5":{"start":{"line":19,"column":60},"end":{"line":19,"column":70}},"6":{"start":{"line":20,"column":19},"end":{"line":20,"column":32}},"7":{"start":{"line":21,"column":2},"end":{"line":28,"column":19}},"8":{"start":{"line":22,"column":4},"end":{"line":27,"column":5}},"9":{"start":{"line":23,"column":6},"end":{"line":23,"column":41}},"10":{"start":{"line":24,"column":6},"end":{"line":24,"column":37}},"11":{"start":{"line":25,"column":6},"end":{"line":25,"column":35}},"12":{"start":{"line":26,"column":6},"end":{"line":26,"column":35}},"13":{"start":{"line":30,"column":28},"end":{"line":32,"column":3}},"14":{"start":{"line":31,"column":4},"end":{"line":31,"column":43}},"15":{"start":{"line":34,"column":26},"end":{"line":36,"column":3}},"16":{"start":{"line":35,"column":4},"end":{"line":35,"column":23}},"17":{"start":{"line":37,"column":2},"end":{"line":77,"column":4}},"18":{"start":{"line":42,"column":25},"end":{"line":42,"column":42}},"19":{"start":{"line":61,"column":14},"end":{"line":61,"column":58}},"20":{"start":{"line":82,"column":18},"end":{"line":113,"column":1}},"21":{"start":{"line":92,"column":25},"end":{"line":92,"column":47}},"22":{"start":{"line":93,"column":38},"end":{"line":93,"column":64}},"23":{"start":{"line":96,"column":4},"end":{"line":96,"column":26}},"24":{"start":{"line":97,"column":28},"end":{"line":97,"column":65}},"25":{"start":{"line":99,"column":19},"end":{"line":106,"column":5}},"26":{"start":{"line":105,"column":40},"end":{"line":105,"column":65}},"27":{"start":{"line":108,"column":19},"end":{"line":112,"column":5}},"28":{"start":{"line":111,"column":40},"end":{"line":111,"column":65}},"29":{"start":{"line":115,"column":22},"end":{"line":151,"column":1}},"30":{"start":{"line":134,"column":21},"end":{"line":137,"column":5}},"31":{"start":{"line":147,"column":21},"end":{"line":149,"column":5}},"32":{"start":{"line":153,"column":18},"end":{"line":171,"column":1}},"33":{"start":{"line":172,"column":13},"end":{"line":174,"column":1}},"34":{"start":{"line":176,"column":15},"end":{"line":178,"column":1}},"35":{"start":{"line":180,"column":16},"end":{"line":189,"column":1}}},"fnMap":{"0":{"name":"(anonymous_0)","decl":{"start":{"line":7,"column":16},"end":{"line":7,"column":17}},"loc":{"start":{"line":14,"column":6},"end":{"line":78,"column":1}},"line":14},"1":{"name":"(anonymous_1)","decl":{"start":{"line":21,"column":12},"end":{"line":21,"column":13}},"loc":{"start":{"line":21,"column":18},"end":{"line":28,"column":3}},"line":21},"2":{"name":"(anonymous_2)","decl":{"start":{"line":30,"column":28},"end":{"line":30,"column":29}},"loc":{"start":{"line":30,"column":40},"end":{"line":32,"column":3}},"line":30},"3":{"name":"(anonymous_3)","decl":{"start":{"line":34,"column":26},"end":{"line":34,"column":27}},"loc":{"start":{"line":34,"column":32},"end":{"line":36,"column":3}},"line":34},"4":{"name":"(anonymous_4)","decl":{"start":{"line":42,"column":19},"end":{"line":42,"column":20}},"loc":{"start":{"line":42,"column":25},"end":{"line":42,"column":42}},"line":42},"5":{"name":"(anonymous_5)","decl":{"start":{"line":60,"column":25},"end":{"line":60,"column":26}},"loc":{"start":{"line":60,"column":41},"end":{"line":62,"column":13}},"line":60},"6":{"name":"(anonymous_6)","decl":{"start":{"line":92,"column":13},"end":{"line":92,"column":14}},"loc":{"start":{"line":92,"column":25},"end":{"line":92,"column":47}},"line":92},"7":{"name":"(anonymous_7)","decl":{"start":{"line":93,"column":26},"end":{"line":93,"column":27}},"loc":{"start":{"line":93,"column":38},"end":{"line":93,"column":64}},"line":93},"8":{"name":"(anonymous_8)","decl":{"start":{"line":95,"column":45},"end":{"line":95,"column":46}},"loc":{"start":{"line":96,"column":4},"end":{"line":96,"column":26}},"line":96},"9":{"name":"(anonymous_9)","decl":{"start":{"line":97,"column":16},"end":{"line":97,"column":17}},"loc":{"start":{"line":97,"column":28},"end":{"line":97,"column":65}},"line":97},"10":{"name":"(anonymous_10)","decl":{"start":{"line":99,"column":4},"end":{"line":99,"column":5}},"loc":{"start":{"line":99,"column":19},"end":{"line":106,"column":5}},"line":99},"11":{"name":"(anonymous_11)","decl":{"start":{"line":105,"column":28},"end":{"line":105,"column":29}},"loc":{"start":{"line":105,"column":40},"end":{"line":105,"column":65}},"line":105},"12":{"name":"(anonymous_12)","decl":{"start":{"line":108,"column":4},"end":{"line":108,"column":5}},"loc":{"start":{"line":108,"column":19},"end":{"line":112,"column":5}},"line":108},"13":{"name":"(anonymous_13)","decl":{"start":{"line":111,"column":28},"end":{"line":111,"column":29}},"loc":{"start":{"line":111,"column":40},"end":{"line":111,"column":65}},"line":111},"14":{"name":"(anonymous_14)","decl":{"start":{"line":134,"column":6},"end":{"line":134,"column":7}},"loc":{"start":{"line":134,"column":21},"end":{"line":137,"column":5}},"line":134},"15":{"name":"(anonymous_15)","decl":{"start":{"line":147,"column":6},"end":{"line":147,"column":7}},"loc":{"start":{"line":147,"column":21},"end":{"line":149,"column":5}},"line":147}},"branchMap":{"0":{"loc":{"start":{"line":22,"column":4},"end":{"line":27,"column":5}},"type":"if","locations":[{"start":{"line":22,"column":4},"end":{"line":27,"column":5}},{"start":{},"end":{}}],"line":22},"1":{"loc":{"start":{"line":37,"column":9},"end":{"line":77,"column":3}},"type":"cond-expr","locations":[{"start":{"line":38,"column":4},"end":{"line":74,"column":16}},{"start":{"line":76,"column":4},"end":{"line":76,"column":6}}],"line":37},"2":{"loc":{"start":{"line":45,"column":11},"end":{"line":53,"column":11}},"type":"cond-expr","locations":[{"start":{"line":46,"column":12},"end":{"line":46,"column":63}},{"start":{"line":48,"column":12},"end":{"line":52,"column":14}}],"line":45},"3":{"loc":{"start":{"line":49,"column":19},"end":{"line":49,"column":60}},"type":"cond-expr","locations":[{"start":{"line":49,"column":38},"end":{"line":49,"column":47}},{"start":{"line":49,"column":50},"end":{"line":49,"column":60}}],"line":49},"4":{"loc":{"start":{"line":59,"column":11},"end":{"line":62,"column":14}},"type":"binary-expr","locations":[{"start":{"line":59,"column":11},"end":{"line":59,"column":19}},{"start":{"line":60,"column":12},"end":{"line":62,"column":14}}],"line":59},"5":{"loc":{"start":{"line":66,"column":9},"end":{"line":72,"column":9}},"type":"cond-expr","locations":[{"start":{"line":67,"column":10},"end":{"line":69,"column":22}},{"start":{"line":71,"column":10},"end":{"line":71,"column":30}}],"line":66},"6":{"loc":{"start":{"line":92,"column":25},"end":{"line":92,"column":47}},"type":"cond-expr","locations":[{"start":{"line":92,"column":42},"end":{"line":92,"column":43}},{"start":{"line":92,"column":46},"end":{"line":92,"column":47}}],"line":92},"7":{"loc":{"start":{"line":93,"column":38},"end":{"line":93,"column":64}},"type":"cond-expr","locations":[{"start":{"line":93,"column":55},"end":{"line":93,"column":60}},{"start":{"line":93,"column":63},"end":{"line":93,"column":64}}],"line":93},"8":{"loc":{"start":{"line":96,"column":4},"end":{"line":96,"column":26}},"type":"cond-expr","locations":[{"start":{"line":96,"column":21},"end":{"line":96,"column":22}},{"start":{"line":96,"column":25},"end":{"line":96,"column":26}}],"line":96},"9":{"loc":{"start":{"line":97,"column":28},"end":{"line":97,"column":65}},"type":"cond-expr","locations":[{"start":{"line":97,"column":45},"end":{"line":97,"column":54}},{"start":{"line":97,"column":57},"end":{"line":97,"column":65}}],"line":97},"10":{"loc":{"start":{"line":105,"column":40},"end":{"line":105,"column":65}},"type":"cond-expr","locations":[{"start":{"line":105,"column":57},"end":{"line":105,"column":61}},{"start":{"line":105,"column":64},"end":{"line":105,"column":65}}],"line":105},"11":{"loc":{"start":{"line":111,"column":40},"end":{"line":111,"column":65}},"type":"cond-expr","locations":[{"start":{"line":111,"column":57},"end":{"line":111,"column":61}},{"start":{"line":111,"column":64},"end":{"line":111,"column":65}}],"line":111}},"s":{"0":0,"1":0,"2":0,"3":0,"4":0,"5":0,"6":0,"7":0,"8":0,"9":0,"10":0,"11":0,"12":0,"13":0,"14":0,"15":0,"16":0,"17":0,"18":0,"19":0,"20":0,"21":0,"22":0,"23":0,"24":0,"25":0,"26":0,"27":0,"28":0,"29":0,"30":0,"31":0,"32":0,"33":0,"34":0,"35":0},"f":{"0":0,"1":0,"2":0,"3":0,"4":0,"5":0,"6":0,"7":0,"8":0,"9":0,"10":0,"11":0,"12":0,"13":0,"14":0,"15":0},"b":{"0":[0,0],"1":[0,0],"2":[0,0],"3":[0,0],"4":[0,0],"5":[0,0],"6":[0,0],"7":[0,0],"8":[0,0],"9":[0,0],"10":[0,0],"11":[0,0]}}
,"/Users/shuting/Paws on Patrol/src/components/UserSelect.js": {"path":"/Users/shuting/Paws on Patrol/src/components/UserSelect.js","statementMap":{"0":{"start":{"line":5,"column":19},"end":{"line":69,"column":1}},"1":{"start":{"line":14,"column":8},"end":{"line":14,"column":18}},"2":{"start":{"line":16,"column":24},"end":{"line":18,"column":5}},"3":{"start":{"line":17,"column":6},"end":{"line":17,"column":31}},"4":{"start":{"line":20,"column":4},"end":{"line":25,"column":14}},"5":{"start":{"line":21,"column":6},"end":{"line":21,"column":65}},"6":{"start":{"line":22,"column":6},"end":{"line":24,"column":8}},"7":{"start":{"line":23,"column":8},"end":{"line":23,"column":70}},"8":{"start":{"line":27,"column":26},"end":{"line":35,"column":5}},"9":{"start":{"line":28,"column":6},"end":{"line":34,"column":7}},"10":{"start":{"line":29,"column":8},"end":{"line":29,"column":23}},"11":{"start":{"line":30,"column":8},"end":{"line":30,"column":26}},"12":{"start":{"line":31,"column":8},"end":{"line":31,"column":33}},"13":{"start":{"line":33,"column":8},"end":{"line":33,"column":25}},"14":{"start":{"line":36,"column":4},"end":{"line":67,"column":6}},"15":{"start":{"line":72,"column":18},"end":{"line":118,"column":1}},"16":{"start":{"line":93,"column":19},"end":{"line":95,"column":3}},"17":{"start":{"line":96,"column":19},"end":{"line":99,"column":7}}},"fnMap":{"0":{"name":"(anonymous_0)","decl":{"start":{"line":6,"column":2},"end":{"line":6,"column":3}},"loc":{"start":{"line":6,"column":48},"end":{"line":68,"column":3}},"line":6},"1":{"name":"(anonymous_1)","decl":{"start":{"line":16,"column":24},"end":{"line":16,"column":25}},"loc":{"start":{"line":16,"column":30},"end":{"line":18,"column":5}},"line":16},"2":{"name":"(anonymous_2)","decl":{"start":{"line":20,"column":14},"end":{"line":20,"column":15}},"loc":{"start":{"line":20,"column":20},"end":{"line":25,"column":5}},"line":20},"3":{"name":"(anonymous_3)","decl":{"start":{"line":22,"column":13},"end":{"line":22,"column":14}},"loc":{"start":{"line":22,"column":19},"end":{"line":24,"column":7}},"line":22},"4":{"name":"(anonymous_4)","decl":{"start":{"line":27,"column":26},"end":{"line":27,"column":27}},"loc":{"start":{"line":27,"column":38},"end":{"line":35,"column":5}},"line":27},"5":{"name":"(anonymous_5)","decl":{"start":{"line":93,"column":4},"end":{"line":93,"column":5}},"loc":{"start":{"line":93,"column":19},"end":{"line":95,"column":3}},"line":93},"6":{"name":"(anonymous_6)","decl":{"start":{"line":96,"column":4},"end":{"line":96,"column":5}},"loc":{"start":{"line":96,"column":19},"end":{"line":99,"column":7}},"line":96}},"branchMap":{"0":{"loc":{"start":{"line":38,"column":9},"end":{"line":38,"column":56}},"type":"binary-expr","locations":[{"start":{"line":38,"column":9},"end":{"line":38,"column":20}},{"start":{"line":38,"column":24},"end":{"line":38,"column":56}}],"line":38}},"s":{"0":0,"1":0,"2":0,"3":0,"4":0,"5":0,"6":0,"7":0,"8":0,"9":0,"10":0,"11":0,"12":0,"13":0,"14":0,"15":0,"16":0,"17":0},"f":{"0":0,"1":0,"2":0,"3":0,"4":0,"5":0,"6":0},"b":{"0":[0,0]}}
,"/Users/shuting/Paws on Patrol/src/components/scrollTopButton.js": {"path":"/Users/shuting/Paws on Patrol/src/components/scrollTopButton.js","statementMap":{"0":{"start":{"line":5,"column":26},"end":{"line":35,"column":1}},"1":{"start":{"line":6,"column":36},"end":{"line":6,"column":51}},"2":{"start":{"line":8,"column":2},"end":{"line":21,"column":9}},"3":{"start":{"line":9,"column":25},"end":{"line":16,"column":5}},"4":{"start":{"line":10,"column":29},"end":{"line":10,"column":43}},"5":{"start":{"line":11,"column":6},"end":{"line":15,"column":7}},"6":{"start":{"line":12,"column":8},"end":{"line":12,"column":27}},"7":{"start":{"line":14,"column":8},"end":{"line":14,"column":28}},"8":{"start":{"line":18,"column":4},"end":{"line":18,"column":52}},"9":{"start":{"line":20,"column":4},"end":{"line":20,"column":68}},"10":{"start":{"line":20,"column":17},"end":{"line":20,"column":67}},"11":{"start":{"line":23,"column":28},"end":{"line":25,"column":3}},"12":{"start":{"line":24,"column":4},"end":{"line":24,"column":52}},"13":{"start":{"line":27,"column":2},"end":{"line":34,"column":4}},"14":{"start":{"line":37,"column":15},"end":{"line":54,"column":1}}},"fnMap":{"0":{"name":"(anonymous_0)","decl":{"start":{"line":5,"column":26},"end":{"line":5,"column":27}},"loc":{"start":{"line":5,"column":32},"end":{"line":35,"column":1}},"line":5},"1":{"name":"(anonymous_1)","decl":{"start":{"line":8,"column":12},"end":{"line":8,"column":13}},"loc":{"start":{"line":8,"column":18},"end":{"line":21,"column":3}},"line":8},"2":{"name":"(anonymous_2)","decl":{"start":{"line":9,"column":25},"end":{"line":9,"column":26}},"loc":{"start":{"line":9,"column":31},"end":{"line":16,"column":5}},"line":9},"3":{"name":"(anonymous_3)","decl":{"start":{"line":20,"column":11},"end":{"line":20,"column":12}},"loc":{"start":{"line":20,"column":17},"end":{"line":20,"column":67}},"line":20},"4":{"name":"(anonymous_4)","decl":{"start":{"line":23,"column":28},"end":{"line":23,"column":29}},"loc":{"start":{"line":23,"column":34},"end":{"line":25,"column":3}},"line":23}},"branchMap":{"0":{"loc":{"start":{"line":11,"column":6},"end":{"line":15,"column":7}},"type":"if","locations":[{"start":{"line":11,"column":6},"end":{"line":15,"column":7}},{"start":{"line":13,"column":13},"end":{"line":15,"column":7}}],"line":11},"1":{"loc":{"start":{"line":30,"column":24},"end":{"line":30,"column":52}},"type":"cond-expr","locations":[{"start":{"line":30,"column":36},"end":{"line":30,"column":43}},{"start":{"line":30,"column":46},"end":{"line":30,"column":52}}],"line":30}},"s":{"0":0,"1":0,"2":0,"3":0,"4":0,"5":0,"6":0,"7":0,"8":0,"9":0,"10":0,"11":0,"12":0,"13":0,"14":0},"f":{"0":0,"1":0,"2":0,"3":0,"4":0},"b":{"0":[0,0],"1":[0,0]}}
,"/Users/shuting/Paws on Patrol/src/components/History/InviteHistory.js": {"path":"/Users/shuting/Paws on Patrol/src/components/History/InviteHistory.js","statementMap":{"0":{"start":{"line":6,"column":22},"end":{"line":68,"column":1}},"1":{"start":{"line":7,"column":19},"end":{"line":7,"column":29}},"2":{"start":{"line":8,"column":32},"end":{"line":8,"column":44}},"3":{"start":{"line":9,"column":36},"end":{"line":9,"column":48}},"4":{"start":{"line":10,"column":2},"end":{"line":12,"column":23}},"5":{"start":{"line":11,"column":4},"end":{"line":11,"column":17}},"6":{"start":{"line":14,"column":21},"end":{"line":35,"column":3}},"7":{"start":{"line":15,"column":4},"end":{"line":34,"column":5}},"8":{"start":{"line":16,"column":27},"end":{"line":19,"column":7}},"9":{"start":{"line":21,"column":28},"end":{"line":21,"column":55}},"10":{"start":{"line":23,"column":6},"end":{"line":33,"column":9}},"11":{"start":{"line":24,"column":21},"end":{"line":24,"column":31}},"12":{"start":{"line":26,"column":26},"end":{"line":26,"column":39}},"13":{"start":{"line":27,"column":21},"end":{"line":29,"column":9}},"14":{"start":{"line":31,"column":8},"end":{"line":31,"column":59}},"15":{"start":{"line":31,"column":29},"end":{"line":31,"column":57}},"16":{"start":{"line":32,"column":8},"end":{"line":32,"column":50}},"17":{"start":{"line":32,"column":31},"end":{"line":32,"column":48}},"18":{"start":{"line":36,"column":2},"end":{"line":67,"column":4}},"19":{"start":{"line":40,"column":12},"end":{"line":63,"column":19}},"20":{"start":{"line":72,"column":18},"end":{"line":83,"column":1}},"21":{"start":{"line":80,"column":19},"end":{"line":82,"column":3}},"22":{"start":{"line":84,"column":13},"end":{"line":119,"column":1}},"23":{"start":{"line":90,"column":19},"end":{"line":93,"column":3}},"24":{"start":{"line":99,"column":21},"end":{"line":103,"column":3}}},"fnMap":{"0":{"name":"(anonymous_0)","decl":{"start":{"line":6,"column":22},"end":{"line":6,"column":23}},"loc":{"start":{"line":6,"column":28},"end":{"line":68,"column":1}},"line":6},"1":{"name":"(anonymous_1)","decl":{"start":{"line":10,"column":12},"end":{"line":10,"column":13}},"loc":{"start":{"line":10,"column":18},"end":{"line":12,"column":3}},"line":10},"2":{"name":"(anonymous_2)","decl":{"start":{"line":14,"column":21},"end":{"line":14,"column":22}},"loc":{"start":{"line":14,"column":33},"end":{"line":35,"column":3}},"line":14},"3":{"name":"(anonymous_3)","decl":{"start":{"line":23,"column":28},"end":{"line":23,"column":29}},"loc":{"start":{"line":23,"column":37},"end":{"line":33,"column":7}},"line":23},"4":{"name":"(anonymous_4)","decl":{"start":{"line":31,"column":19},"end":{"line":31,"column":20}},"loc":{"start":{"line":31,"column":29},"end":{"line":31,"column":57}},"line":31},"5":{"name":"(anonymous_5)","decl":{"start":{"line":32,"column":21},"end":{"line":32,"column":22}},"loc":{"start":{"line":32,"column":31},"end":{"line":32,"column":48}},"line":32},"6":{"name":"(anonymous_6)","decl":{"start":{"line":39,"column":22},"end":{"line":39,"column":23}},"loc":{"start":{"line":40,"column":12},"end":{"line":63,"column":19}},"line":40},"7":{"name":"(anonymous_7)","decl":{"start":{"line":80,"column":4},"end":{"line":80,"column":5}},"loc":{"start":{"line":80,"column":19},"end":{"line":82,"column":3}},"line":80},"8":{"name":"(anonymous_8)","decl":{"start":{"line":90,"column":4},"end":{"line":90,"column":5}},"loc":{"start":{"line":90,"column":19},"end":{"line":93,"column":3}},"line":90},"9":{"name":"(anonymous_9)","decl":{"start":{"line":99,"column":6},"end":{"line":99,"column":7}},"loc":{"start":{"line":99,"column":21},"end":{"line":103,"column":3}},"line":99}},"branchMap":{"0":{"loc":{"start":{"line":15,"column":4},"end":{"line":34,"column":5}},"type":"if","locations":[{"start":{"line":15,"column":4},"end":{"line":34,"column":5}},{"start":{},"end":{}}],"line":15},"1":{"loc":{"start":{"line":38,"column":7},"end":{"line":65,"column":12}},"type":"cond-expr","locations":[{"start":{"line":39,"column":10},"end":{"line":64,"column":12}},{"start":{"line":65,"column":10},"end":{"line":65,"column":12}}],"line":38},"2":{"loc":{"start":{"line":54,"column":19},"end":{"line":60,"column":19}},"type":"cond-expr","locations":[{"start":{"line":55,"column":20},"end":{"line":55,"column":63}},{"start":{"line":56,"column":22},"end":{"line":60,"column":19}}],"line":54},"3":{"loc":{"start":{"line":56,"column":22},"end":{"line":60,"column":19}},"type":"cond-expr","locations":[{"start":{"line":57,"column":20},"end":{"line":57,"column":63}},{"start":{"line":59,"column":20},"end":{"line":59,"column":64}}],"line":56}},"s":{"0":0,"1":0,"2":0,"3":0,"4":0,"5":0,"6":0,"7":0,"8":0,"9":0,"10":0,"11":0,"12":0,"13":0,"14":0,"15":0,"16":0,"17":0,"18":0,"19":0,"20":0,"21":0,"22":0,"23":0,"24":0},"f":{"0":0,"1":0,"2":0,"3":0,"4":0,"5":0,"6":0,"7":0,"8":0,"9":0},"b":{"0":[0,0],"1":[0,0],"2":[0,0],"3":[0,0]}}
,"/Users/shuting/Paws on Patrol/src/components/History/NannyHistory.js": {"path":"/Users/shuting/Paws on Patrol/src/components/History/NannyHistory.js","statementMap":{"0":{"start":{"line":7,"column":21},"end":{"line":73,"column":1}},"1":{"start":{"line":8,"column":19},"end":{"line":8,"column":29}},"2":{"start":{"line":9,"column":32},"end":{"line":9,"column":44}},"3":{"start":{"line":10,"column":36},"end":{"line":10,"column":48}},"4":{"start":{"line":11,"column":2},"end":{"line":13,"column":23}},"5":{"start":{"line":12,"column":4},"end":{"line":12,"column":17}},"6":{"start":{"line":15,"column":21},"end":{"line":34,"column":3}},"7":{"start":{"line":16,"column":4},"end":{"line":33,"column":5}},"8":{"start":{"line":17,"column":27},"end":{"line":20,"column":7}},"9":{"start":{"line":22,"column":28},"end":{"line":22,"column":55}},"10":{"start":{"line":24,"column":6},"end":{"line":32,"column":9}},"11":{"start":{"line":25,"column":21},"end":{"line":25,"column":31}},"12":{"start":{"line":26,"column":26},"end":{"line":26,"column":39}},"13":{"start":{"line":27,"column":21},"end":{"line":29,"column":9}},"14":{"start":{"line":30,"column":8},"end":{"line":30,"column":59}},"15":{"start":{"line":30,"column":29},"end":{"line":30,"column":57}},"16":{"start":{"line":31,"column":8},"end":{"line":31,"column":50}},"17":{"start":{"line":31,"column":31},"end":{"line":31,"column":48}},"18":{"start":{"line":35,"column":2},"end":{"line":72,"column":4}},"19":{"start":{"line":39,"column":12},"end":{"line":68,"column":19}},"20":{"start":{"line":75,"column":18},"end":{"line":86,"column":1}},"21":{"start":{"line":83,"column":19},"end":{"line":85,"column":3}},"22":{"start":{"line":87,"column":13},"end":{"line":122,"column":1}},"23":{"start":{"line":93,"column":19},"end":{"line":96,"column":3}},"24":{"start":{"line":102,"column":21},"end":{"line":106,"column":3}}},"fnMap":{"0":{"name":"(anonymous_0)","decl":{"start":{"line":7,"column":21},"end":{"line":7,"column":22}},"loc":{"start":{"line":7,"column":27},"end":{"line":73,"column":1}},"line":7},"1":{"name":"(anonymous_1)","decl":{"start":{"line":11,"column":12},"end":{"line":11,"column":13}},"loc":{"start":{"line":11,"column":18},"end":{"line":13,"column":3}},"line":11},"2":{"name":"(anonymous_2)","decl":{"start":{"line":15,"column":21},"end":{"line":15,"column":22}},"loc":{"start":{"line":15,"column":33},"end":{"line":34,"column":3}},"line":15},"3":{"name":"(anonymous_3)","decl":{"start":{"line":24,"column":28},"end":{"line":24,"column":29}},"loc":{"start":{"line":24,"column":37},"end":{"line":32,"column":7}},"line":24},"4":{"name":"(anonymous_4)","decl":{"start":{"line":30,"column":19},"end":{"line":30,"column":20}},"loc":{"start":{"line":30,"column":29},"end":{"line":30,"column":57}},"line":30},"5":{"name":"(anonymous_5)","decl":{"start":{"line":31,"column":21},"end":{"line":31,"column":22}},"loc":{"start":{"line":31,"column":31},"end":{"line":31,"column":48}},"line":31},"6":{"name":"(anonymous_6)","decl":{"start":{"line":38,"column":22},"end":{"line":38,"column":23}},"loc":{"start":{"line":39,"column":12},"end":{"line":68,"column":19}},"line":39},"7":{"name":"(anonymous_7)","decl":{"start":{"line":83,"column":4},"end":{"line":83,"column":5}},"loc":{"start":{"line":83,"column":19},"end":{"line":85,"column":3}},"line":83},"8":{"name":"(anonymous_8)","decl":{"start":{"line":93,"column":4},"end":{"line":93,"column":5}},"loc":{"start":{"line":93,"column":19},"end":{"line":96,"column":3}},"line":93},"9":{"name":"(anonymous_9)","decl":{"start":{"line":102,"column":6},"end":{"line":102,"column":7}},"loc":{"start":{"line":102,"column":21},"end":{"line":106,"column":3}},"line":102}},"branchMap":{"0":{"loc":{"start":{"line":16,"column":4},"end":{"line":33,"column":5}},"type":"if","locations":[{"start":{"line":16,"column":4},"end":{"line":33,"column":5}},{"start":{},"end":{}}],"line":16},"1":{"loc":{"start":{"line":37,"column":7},"end":{"line":70,"column":12}},"type":"cond-expr","locations":[{"start":{"line":38,"column":10},"end":{"line":69,"column":12}},{"start":{"line":70,"column":10},"end":{"line":70,"column":12}}],"line":37},"2":{"loc":{"start":{"line":42,"column":28},"end":{"line":42,"column":61}},"type":"binary-expr","locations":[{"start":{"line":42,"column":28},"end":{"line":42,"column":47}},{"start":{"line":42,"column":51},"end":{"line":42,"column":61}}],"line":42},"3":{"loc":{"start":{"line":53,"column":19},"end":{"line":65,"column":19}},"type":"cond-expr","locations":[{"start":{"line":54,"column":20},"end":{"line":56,"column":27}},{"start":{"line":57,"column":22},"end":{"line":65,"column":19}}],"line":53},"4":{"loc":{"start":{"line":57,"column":22},"end":{"line":65,"column":19}},"type":"co
[...]
,"/Users/shuting/Paws on Patrol/src/pages/Reserve.js": {"path":"/Users/shuting/Paws on Patrol/src/pages/Reserve.js","statementMap":{"0":{"start":{"line":11,"column":16},"end":{"line":178,"column":1}},"1":{"start":{"line":12,"column":23},"end":{"line":12,"column":33}},"2":{"start":{"line":13,"column":17},"end":{"line":13,"column":28}},"3":{"start":{"line":14,"column":38},"end":{"line":14,"column":50}},"4":{"start":{"line":15,"column":32},"end":{"line":15,"column":44}},"5":{"start":{"line":16,"column":30},"end":{"line":16,"column":42}},"6":{"start":{"line":17,"column":36},"end":{"line":17,"column":51}},"7":{"start":{"line":18,"column":26},"end":{"line":18,"column":38}},"8":{"start":{"line":19,"column":46},"end":{"line":19,"column":61}},"9":{"start":{"line":20,"column":19},"end":{"line":20,"column":32}},"10":{"start":{"line":28,"column":6},"end":{"line":28,"column":16}},"11":{"start":{"line":29,"column":38},"end":{"line":29,"column":53}},"12":{"start":{"line":30,"column":19},"end":{"line":30,"column":29}},"13":{"start":{"line":32,"column":21},"end":{"line":43,"column":3}},"14":{"start":{"line":33,"column":4},"end":{"line":33,"column":25}},"15":{"start":{"line":34,"column":4},"end":{"line":41,"column":7}},"16":{"start":{"line":42,"column":4},"end":{"line":42,"column":25}},"17":{"start":{"line":45,"column":23},"end":{"line":77,"column":3}},"18":{"start":{"line":46,"column":26},"end":{"line":46,"column":71}},"19":{"start":{"line":47,"column":4},"end":{"line":60,"column":5}},"20":{"start":{"line":52,"column":6},"end":{"line":52,"column":25}},"21":{"start":{"line":53,"column":6},"end":{"line":53,"column":13}},"22":{"start":{"line":54,"column":11},"end":{"line":60,"column":5}},"23":{"start":{"line":58,"column":6},"end":{"line":58,"column":41}},"24":{"start":{"line":59,"column":6},"end":{"line":59,"column":13}},"25":{"start":{"line":61,"column":4},"end":{"line":75,"column":7}},"26":{"start":{"line":76,"column":4},"end":{"line":76,"column":24}},"27":{"start":{"line":79,"column":2},"end":{"line":96,"column":9}},"28":{"start":{"line":80,"column":20},"end":{"line":94,"column":5}},"29":{"start":{"line":81,"column":21},"end":{"line":81,"column":40}},"30":{"start":{"line":82,"column":22},"end":{"line":82,"column":42}},"31":{"start":{"line":83,"column":6},"end":{"line":93,"column":7}},"32":{"start":{"line":85,"column":8},"end":{"line":85,"column":38}},"33":{"start":{"line":87,"column":8},"end":{"line":87,"column":38}},"34":{"start":{"line":88,"column":8},"end":{"line":88,"column":41}},"35":{"start":{"line":89,"column":8},"end":{"line":89,"column":37}},"36":{"start":{"line":92,"column":8},"end":{"line":92,"column":41}},"37":{"start":{"line":95,"column":4},"end":{"line":95,"column":14}},"38":{"start":{"line":97,"column":2},"end":{"line":177,"column":4}},"39":{"start":{"line":103,"column":50},"end":{"line":103,"column":67}},"40":{"start":{"line":136,"column":20},"end":{"line":138,"column":27}},"41":{"start":{"line":151,"column":14},"end":{"line":164,"column":26}},"42":{"start":{"line":181,"column":18},"end":{"line":187,"column":1}},"43":{"start":{"line":189,"column":15},"end":{"line":198,"column":1}},"44":{"start":{"line":192,"column":19},"end":{"line":194,"column":3}},"45":{"start":{"line":200,"column":18},"end":{"line":292,"column":1}},"46":{"start":{"line":210,"column":19},"end":{"line":213,"column":3}},"47":{"start":{"line":294,"column":17},"end":{"line":298,"column":1}},"48":{"start":{"line":300,"column":14},"end":{"line":303,"column":1}},"49":{"start":{"line":304,"column":16},"end":{"line":312,"column":1}},"50":{"start":{"line":311,"column":25},"end":{"line":311,"column":59}},"51":{"start":{"line":314,"column":18},"end":{"line":355,"column":1}}},"fnMap":{"0":{"name":"(anonymous_0)","decl":{"start":{"line":11,"column":16},"end":{"line":11,"column":17}},"loc":{"start":{"line":11,"column":22},"end":{"line":178,"column":1}},"line":11},"1":{"name":"(anonymous_1)","decl":{"start":{"line":32,"column":21},"end":{"line":32,"column":22}},"loc":{"start":{"line":32,"column":33},"end":{"line":43,"column":3}},"line":32},"2":{"name":"(anonymous_2)","decl":{"start":{"line":45,"column":23},"end":{"line":45,"column":24}},"loc":{"start":{"line":45,"column":35},"end":{"line":77,"column":3}},"line":45},"3":{"name":"(anonymous_3)","decl":{"start":{"line":79,"column":12},"end":{"line":79,"column":13}},"loc":{"start":{"line":79,"column":18},"end":{"line":96,"column":3}},"line":79},"4":{"name":"(anonymous_4)","decl":{"start":{"line":80,"column":20},"end":{"line":80,"column":21}},"loc":{"start":{"line":80,"column":32},"end":{"line":94,"column":5}},"line":80},"5":{"name":"(anonymous_5)","decl":{"start":{"line":103,"column":44},"end":{"line":103,"column":45}},"loc":{"start":{"line":103,"column":50},"end":{"line":103,"column":67}},"line":103},"6":{"name":"(anonymous_6)","decl":{"start":{"line":135,"column":27},"end":{"line":135,"column":28}},"loc":{"start":{"line":136,"column":20},"end":{"line":138,"column":27}},"line":136},"7":{"name":"(anonymous_7)","decl":{"start":{"line":150,"column":24},"end":{"line":150,"column":25}},"loc":{"start":{"line":151,"column":14},"end":{"line":164,"column":26}},"line":151},"8":{"name":"(anonymous_8)","decl":{"start":{"line":192,"column":4},"end":{"line":192,"column":5}},"loc":{"start":{"line":192,"column":19},"end":{"line":194,"column":3}},"line":192},"9":{"name":"(anonymous_9)","decl":{"start":{"line":210,"column":4},"end":{"line":210,"column":5}},"loc":{"start":{"line":210,"column":19},"end":{"line":213,"column":3}},"line":210},"10":{"name":"(anonymous_10)","decl":{"start":{"line":311,"column":13},"end":{"line":311,"column":14}},"loc":{"start":{"line":311,"column":25},"end":{"line":311,"column":59}},"line":311}},"branchMap":{"0":{"loc":{"start":{"line":47,"column":4},"end":{"line":60,"column":5}},"type":"if","locations":[{"start":{"line":47,"column":4},"end":{"line":60,"column":5}},{"start":{"line":54,"column":11},"end":{"line":60,"column":5}}],"line":47},"1":{"loc":{"start":{"line":48,"column":6},"end":{"line":50,"column":44}},"type":"binary-expr","locations":[{"start":{"line":48,"column":6},"end":{"line":48,"column":28}},{"start":{"line":49,"column":6},"end":{"line":49,"column":47}},{"start":{"line":50,"column":6},"end":{"line":50,"column":44}}],"line":48},"2":{"loc":{"start":{"line":54,"column":11},"end":{"line":60,"column":5}},"type":"if","locations":[{"start":{"line":54,"column":11},"end":{"line":60,"column":5}},{"start":{},"end":{}}],"line":54},"3":{"loc":{"start":{"line":55,"column":6},"end":{"line":56,"column":47}},"type":"binary-expr","locations":[{"start":{"line":55,"column":6},"end":{"line":55,"column":28}},{"start":{"line":56,"column":6},"end":{"line":56,"column":47}}],"line":55},"4":{"loc":{"start":{"line":83,"column":6},"end":{"line":93,"column":7}},"type":"if","locations":[{"start":{"line":83,"column":6},"end":{"line":93,"column":7}},{"start":{"line":90,"column":13},"end":{"line":93,"column":7}}],"line":83},"5":{"loc":{"start":{"line":100,"column":7},"end":{"line":107,"column":7}},"type":"binary-expr","locations":[{"start":{"line":100,"column":7},"end":{"line":100,"column":17}},{"start":{"line":101,"column":8},"end":{"line":106,"column":20}}],"line":100},"6":{"loc":{"start":{"line":123,"column":23},"end":{"line":123,"column":59}},"type":"binary-expr","locations":[{"start":{"line":123,"column":23},"end":{"line":123,"column":44}},{"start":{"line":123,"column":48},"end":{"line":123,"column":59}}],"line":123},"7":{"loc":{"start":{"line":134,"column":15},"end":{"line":140,"column":20}},"type":"cond-expr","locations":[{"start":{"line":135,"column":18},"end":{"line":139,"column":20}},{"start":{"line":140,"column":18},"end":{"line":140,"column":20}}],"line":134},"8":{"loc":{"start":{"line":145,"column":16},"end":{"line":145,"column":44}},"type":"binary-expr","locations":[{"start":{"line":145,"column":16},"end":{"line":145,"column":34}},{"start":{"line":145,"column":38},"end":{"line":145,"column":44}}],"line":145},"9":{"loc":{"start":{"line":149,"column":11},"end":{"line":170,"column":11}},"type":"cond-expr","locations":[{"start":{"line":150,"column":12},"end":{"line":165,"column":14}},{"start":{"line":167,"column":12},"end":{"line":169,"column":24}}],"line":149},"10":{"loc":{"start":{"line":156,"column":27},"end":{"line":156,"column":59}},"type":"binary-expr","locations":[{"start":{"line":156,"column":27},"end":{"line":156,"column":41}},{"start":{"line":156,"column":45},"end":{"line":156,"column":59}}],"line":156},"11":{"loc":{"start":{"line":161,"column":23},"end":{"line":161,"column":47}},"type":"binary-expr","locations":[{"start":{"line":161,"column":23},"end":{"line":161,"column":37}},{"start":{"line":161,"column":41},"end":{"line":161,"column":47}}],"line":161},"12":{"loc":{"start":{"line":162,"column":22},"end":{"line":162,"column":45}},"type":"binary-expr","locations":[{"start":{"line":162,"column":22},"end":{"line":162,"column":35}},{"start":{"line":162,"column":39},"end":{"line":162,"column":45}}],"line":162},"13":{"loc":{"start":{"line":311,"column":25},"end":{"line":311,"column":59}},"type":"cond-expr","locations":[{"start":{"line":311,"column":44},"end":{"line":311,"column":50}},{"start":{"line":311,"column":53},"end":{"line":311,"column":59}}],"line":311}},"s":{"0":0,"1":0,"2":0,"3":0,"4":0,"5":0,"6":0,"7":0,"8":0,"9":0,"10":0,"11":0,"12":0,"13":0,"14":0,"15":0,"16":0,"17":0,"18":0,"19":0,"20":0,"21":0,"22":0,"23":0,"24":0,"25":0,"26":0,"27":0,"28":0,"29":0,"30":0,"31":0,"32":0,"33":0,"34":0,"35":0,"36":0,"37":0,"38":0,"39":0,"40":0,"41":0,"42":0,"43":0,"44":0,"45":0,"46":0,"47":0,"48":0,"49":0,"50":0,"51":0},"f":{"0":0,"1":0,"2":0,"3":0,"4":0,"5":0,"6":0,"7":0,"8":0,"9":0,"10":0},"b":{"0":[0,0],"1":[0,0,0],"2":[0,0],"3":[0,0],"4":[0,0],"5":[0,0],"6":[0,0],"7":[0,0],"8":[0,0],"9":[0,0],"10":[0,0],"11":[0,0],"12":[0,0],"13":[0,0]}}
,"/Users/shuting/Paws on Patrol/src/pages/Success.js": {"path":"/Users/shuting/Paws on Patrol/src/pages/Success.js","statementMap":{"0":{"start":{"line":12,"column":16},"end":{"line":62,"column":1}},"1":{"start":{"line":13,"column":19},"end":{"line":13,"column":32}},"2":{"start":{"line":14,"column":60},"end":{"line":14,"column":70}},"3":{"start":{"line":15,"column":23},"end":{"line":15,"column":33}},"4":{"start":{"line":17,"column":2},"end":{"line":29,"column":13}},"5":{"start":{"line":18,"column":20},"end":{"line":27,"column":5}},"6":{"start":{"line":19,"column":6},"end":{"line":26,"column":7}},"7":{"start":{"line":20,"column":23},"end":{"line":20,"column":54}},"8":{"start":{"line":21,"column":24},"end":{"line":21,"column":44}},"9":{"start":{"line":22,"column":8},"end":{"line":25,"column":9}},"10":{"start":{"line":23,"column":10},"end":{"line":23,"column":47}},"11":{"start":{"line":28,"column":4},"end":{"line":28,"column":14}},"12":{"start":{"line":31,"column":21},"end":{"line":43,"column":3}},"13":{"start":{"line":32,"column":4},"end":{"line":32,"column":42}},"14":{"start":{"line":33,"column":4},"end":{"line":33,"column":25}},"15":{"start":{"line":34,"column":4},"end":{"line":41,"column":7}},"16":{"start":{"line":42,"column":4},"end":{"line":42,"column":25}},"17":{"start":{"line":45,"column":2},"end":{"line":61,"column":4}},"18":{"start":{"line":56,"column":33},"end":{"line":56,"column":50}},"19":{"start":{"line":66,"column":18},"end":{"line":72,"column":1}},"20":{"start":{"line":74,"column":15},"end":{"line":79,"column":1}},"21":{"start":{"line":80,"column":13},"end":{"line":101,"column":1}}},"fnMap":{"0":{"name":"(anonymous_0)","decl":{"start":{"line":12,"column":16},"end":{"line":12,"column":17}},"loc":{"start":{"line":12,"column":22},"end":{"line":62,"column":1}},"line":12},"1":{"name":"(anonymous_1)","decl":{"start":{"line":17,"column":12},"end":{"line":17,"column":13}},"loc":{"start":{"line":17,"column":18},"end":{"line":29,"column":3}},"line":17},"2":{"name":"(anonymous_2)","decl":{"start":{"line":18,"column":20},"end":{"line":18,"column":21}},"loc":{"start":{"line":18,"column":32},"end":{"line":27,"column":5}},"line":18},"3":{"name":"(anonymous_3)","decl":{"start":{"line":31,"column":21},"end":{"line":31,"column":22}},"loc":{"start":{"line":31,"column":33},"end":{"line":43,"column":3}},"line":31},"4":{"name":"(anonymous_4)","decl":{"start":{"line":56,"column":27},"end":{"line":56,"column":28}},"loc":{"start":{"line":56,"column":33},"end":{"line":56,"column":50}},"line":56}},"branchMap":{"0":{"loc":{"start":{"line":19,"column":6},"end":{"line":26,"column":7}},"type":"if","locations":[{"start":{"line":19,"column":6},"end":{"line":26,"column":7}},{"start":{},"end":{}}],"line":19},"1":{"loc":{"start":{"line":19,"column":10},"end":{"line":19,"column":26}},"type":"binary-expr","locations":[{"start":{"line":19,"column":10},"end":{"line":19,"column":14}},{"start":{"line":19,"column":18},"end":{"line":19,"column":26}}],"line":19},"2":{"loc":{"start":{"line":22,"column":8},"end":{"line":25,"column":9}},"type":"if","locations":[{"start":{"line":22,"column":8},"end":{"line":25,"column":9}},{"start":{},"end":{}}],"line":22},"3":{"loc":{"start":{"line":54,"column":15},"end":{"line":54,"column":44}},"type":"binary-expr","locations":[{"start":{"line":54,"column":15},"end":{"line":54,"column":25}},{"start":{"line":54,"column":29},"end":{"line":54,"column":44}}],"line":54}},"s":{"0":0,"1":0,"2":0,"3":0,"4":0,"5":0,"6":0,"7":0,"8":0,"9":0,"10":0,"11":0,"12":0,"13":0,"14":0,"15":0,"16":0,"17":0,"18":0,"19":0,"20":0,"21":0},"f":{"0":0,"1":0,"2":0,"3":0,"4":0},"b":{"0":[0,0],"1":[0,0],"2":[0,0],"3":[0,0]}}
,"/Users/shuting/Paws on Patrol/src/styles/Account.styled.js": {"path":"/Users/shuting/Paws on Patrol/src/styles/Account.styled.js","statementMap":{"0":{"start":{"line":3,"column":25},"end":{"line":3,"column":37}},"1":{"start":{"line":5,"column":29},"end":{"line":9,"column":1}},"2":{"start":{"line":11,"column":25},"end":{"line":20,"column":1}},"3":{"start":{"line":17,"column":19},"end":{"line":19,"column":3}},"4":{"start":{"line":22,"column":25},"end":{"line":145,"column":1}},"5":{"start":{"line":32,"column":19},"end":{"line":35,"column":3}},"6":{"start":{"line":96,"column":21},"end":{"line":98,"column":5}},"7":{"start":{"line":141,"column":21},"end":{"line":143,"column":5}},"8":{"start":{"line":147,"column":27},"end":{"line":156,"column":1}},"9":{"start":{"line":158,"column":24},"end":{"line":165,"column":1}},"10":{"start":{"line":161,"column":19},"end":{"line":164,"column":3}},"11":{"start":{"line":166,"column":26},"end":{"line":188,"column":1}},"12":{"start":{"line":184,"column":19},"end":{"line":187,"column":3}},"13":{"start":{"line":190,"column":21},"end":{"line":193,"column":1}},"14":{"start":{"line":195,"column":23},"end":{"line":228,"column":1}},"15":{"start":{"line":229,"column":29},"end":{"line":248,"column":1}},"16":{"start":{"line":250,"column":22},"end":{"line":270,"column":1}},"17":{"start":{"line":272,"column":28},"end":{"line":275,"column":1}},"18":{"start":{"line":276,"column":26},"end":{"line":291,"column":1}}},"fnMap":{"0":{"name":"(anonymous_0)","decl":{"start":{"line":17,"column":4},"end":{"line":17,"column":5}},"loc":{"start":{"line":17,"column":19},"end":{"line":19,"column":3}},"line":17},"1":{"name":"(anonymous_1)","decl":{"start":{"line":32,"column":4},"end":{"line":32,"column":5}},"loc":{"start":{"line":32,"column":19},"end":{"line":35,"column":3}},"line":32},"2":{"name":"(anonymous_2)","decl":{"start":{"line":96,"column":6},"end":{"line":96,"column":7}},"loc":{"start":{"line":96,"column":21},"end":{"line":98,"column":5}},"line":96},"3":{"name":"(anonymous_3)","decl":{"start":{"line":141,"column":6},"end":{"line":141,"column":7}},"loc":{"start":{"line":141,"column":21},"end":{"line":143,"column":5}},"line":141},"4":{"name":"(anonymous_4)","decl":{"start":{"line":161,"column":4},"end":{"line":161,"column":5}},"loc":{"start":{"line":161,"column":19},"end":{"line":164,"column":3}},"line":161},"5":{"name":"(anonymous_5)","decl":{"start":{"line":184,"column":4},"end":{"line":184,"column":5}},"loc":{"start":{"line":184,"column":19},"end":{"line":187,"column":3}},"line":184}},"branchMap":{},"s":{"0":0,"1":0,"2":0,"3":0,"4":0,"5":0,"6":0,"7":0,"8":0,"9":0,"10":0,"11":0,"12":0,"13":0,"14":0,"15":0,"16":0,"17":0,"18":0},"f":{"0":0,"1":0,"2":0,"3":0,"4":0,"5":0},"b":{}}
,"/Users/shuting/Paws on Patrol/src/styles/Button.styled.js": {"path":"/Users/shuting/Paws on Patrol/src/styles/Button.styled.js","statementMap":{"0":{"start":{"line":3,"column":22},"end":{"line":15,"column":1}},"1":{"start":{"line":16,"column":26},"end":{"line":25,"column":1}}},"fnMap":{},"branchMap":{},"s":{"0":0,"1":0},"f":{},"b":{}}
,"/Users/shuting/Paws on Patrol/src/styles/Flex.styled.js": {"path":"/Users/shuting/Paws on Patrol/src/styles/Flex.styled.js","statementMap":{"0":{"start":{"line":3,"column":20},"end":{"line":6,"column":1}}},"fnMap":{},"branchMap":{},"s":{"0":0},"f":{},"b":{}}
,"/Users/shuting/Paws on Patrol/src/styles/Global.js": {"path":"/Users/shuting/Paws on Patrol/src/styles/Global.js","statementMap":{"0":{"start":{"line":2,"column":21},"end":{"line":13,"column":1}},"1":{"start":{"line":11,"column":32},"end":{"line":11,"column":49}}},"fnMap":{"0":{"name":"(anonymous_0)","decl":{"start":{"line":11,"column":17},"end":{"line":11,"column":18}},"loc":{"start":{"line":11,"column":32},"end":{"line":11,"column":49}},"line":11}},"branchMap":{},"s":{"0":0,"1":0},"f":{"0":0},"b":{}}
,"/Users/shuting/Paws on Patrol/src/styles/Login.styled.js": {"path":"/Users/shuting/Paws on Patrol/src/styles/Login.styled.js","statementMap":{"0":{"start":{"line":3,"column":25},"end":{"line":23,"column":1}},"1":{"start":{"line":11,"column":37},"end":{"line":11,"column":60}},"2":{"start":{"line":25,"column":27},"end":{"line":70,"column":1}},"3":{"start":{"line":72,"column":22},"end":{"line":84,"column":1}},"4":{"start":{"line":85,"column":26},"end":{"line":94,"column":1}},"5":{"start":{"line":96,"column":28},"end":{"line":98,"column":1}}},"fnMap":{"0":{"name":"(anonymous_0)","decl":{"start":{"line":11,"column":22},"end":{"line":11,"column":23}},"loc":{"start":{"line":11,"column":37},"end":{"line":11,"column":60}},"line":11}},"branchMap":{},"s":{"0":0,"1":0,"2":0,"3":0,"4":0,"5":0},"f":{"0":0},"b":{}}
}
