TN:
SF:src/App.js
FN:25,(anonymous_0)
FN:30,(anonymous_1)
FN:35,(anonymous_2)
FN:42,App
FNF:4
FNH:0
FNDA:0,(anonymous_0)
FNDA:0,(anonymous_1)
FNDA:0,(anonymous_2)
FNDA:0,App
DA:18,0
DA:25,0
DA:30,0
DA:35,0
DA:43,0
LF:5
LH:0
BRF:0
BRH:0
end_of_record
TN:
SF:src/firebase.config.js
FNF:0
FNH:0
DA:9,0
DA:19,0
DA:22,0
DA:25,0
DA:28,0
DA:31,0
DA:33,0
LF:7
LH:0
BRF:0
BRH:0
end_of_record
TN:
SF:src/index.js
FNF:0
FNH:0
DA:22,0
DA:23,0
LF:2
LH:0
BRF:0
BRH:0
end_of_record
TN:
SF:src/components/Diary.js
FN:11,(anonymous_0)
FN:23,(anonymous_1)
FN:24,(anonymous_2)
FN:33,(anonymous_3)
FN:34,(anonymous_4)
FN:42,(anonymous_5)
FN:45,(anonymous_6)
FN:52,(anonymous_7)
FN:57,(anonymous_8)
FN:69,(anonymous_9)
FN:73,(anonymous_10)
FN:74,(anonymous_11)
FN:79,(anonymous_12)
FN:92,(anonymous_13)
FN:109,(anonymous_14)
FN:148,(anonymous_15)
FN:190,(anonymous_16)
FNF:17
FNH:0
FNDA:0,(anonymous_0)
FNDA:0,(anonymous_1)
FNDA:0,(anonymous_2)
FNDA:0,(anonymous_3)
FNDA:0,(anonymous_4)
FNDA:0,(anonymous_5)
FNDA:0,(anonymous_6)
FNDA:0,(anonymous_7)
FNDA:0,(anonymous_8)
FNDA:0,(anonymous_9)
FNDA:0,(anonymous_10)
FNDA:0,(anonymous_11)
FNDA:0,(anonymous_12)
FNDA:0,(anonymous_13)
FNDA:0,(anonymous_14)
FNDA:0,(anonymous_15)
FNDA:0,(anonymous_16)
DA:11,0
DA:20,0
DA:21,0
DA:23,0
DA:24,0
DA:25,0
DA:26,0
DA:28,0
DA:30,0
DA:31,0
DA:32,0
DA:33,0
DA:34,0
DA:35,0
DA:36,0
DA:37,0
DA:39,0
DA:42,0
DA:43,0
DA:44,0
DA:45,0
DA:46,0
DA:48,0
DA:52,0
DA:53,0
DA:54,0
DA:55,0
DA:57,0
DA:58,0
DA:59,0
DA:60,0
DA:61,0
DA:62,0
DA:63,0
DA:64,0
DA:65,0
DA:66,0
DA:69,0
DA:70,0
DA:71,0
DA:72,0
DA:74,0
DA:75,0
DA:76,0
DA:80,0
DA:83,0
DA:86,0
DA:93,0
DA:94,0
DA:109,0
DA:137,0
DA:148,0
DA:190,0
DA:202,0
DA:221,0
LF:55
LH:0
BRDA:43,0,0,0
BRDA:43,0,1,0
BRDA:71,1,0,0
BRDA:71,1,1,0
BRDA:99,2,0,0
BRDA:99,2,1,0
BRDA:101,3,0,0
BRDA:101,3,1,0
BRDA:119,4,0,0
BRDA:119,4,1,0
BRDA:125,5,0,0
BRDA:125,5,1,0
BRF:12
BRH:0
end_of_record
TN:
SF:src/components/Footer.js
FN:4,(anonymous_0)
FN:24,(anonymous_1)
FNF:2
FNH:2
FNDA:1,(anonymous_0)
FNDA:1,(anonymous_1)
DA:4,1
DA:5,1
DA:14,1
DA:24,1
LF:4
LH:4
BRF:0
BRH:0
end_of_record
TN:
SF:src/components/Info.js
FN:14,(anonymous_0)
FN:20,(anonymous_1)
FN:23,(anonymous_2)
FN:29,(anonymous_3)
FN:37,(anonymous_4)
FN:45,(anonymous_5)
FN:50,(anonymous_6)
FN:51,(anonymous_7)
FN:53,(anonymous_8)
FN:60,(anonymous_9)
FN:77,(anonymous_10)
FN:123,(anonymous_11)
FN:126,(anonymous_12)
FNF:13
FNH:0
FNDA:0,(anonymous_0)
FNDA:0,(anonymous_1)
FNDA:0,(anonymous_2)
FNDA:0,(anonymous_3)
FNDA:0,(anonymous_4)
FNDA:0,(anonymous_5)
FNDA:0,(anonymous_6)
FNDA:0,(anonymous_7)
FNDA:0,(anonymous_8)
FNDA:0,(anonymous_9)
FNDA:0,(anonymous_10)
FNDA:0,(anonymous_11)
FNDA:0,(anonymous_12)
DA:14,0
DA:15,0
DA:16,0
DA:17,0
DA:18,0
DA:20,0
DA:21,0
DA:23,0
DA:24,0
DA:25,0
DA:26,0
DA:29,0
DA:30,0
DA:31,0
DA:35,0
DA:37,0
DA:38,0
DA:39,0
DA:42,0
DA:45,0
DA:46,0
DA:47,0
DA:48,0
DA:50,0
DA:51,0
DA:52,0
DA:53,0
DA:54,0
DA:55,0
DA:56,0
DA:57,0
DA:60,0
DA:61,0
DA:65,0
DA:68,0
DA:77,0
DA:114,0
DA:123,0
DA:126,0
DA:138,0
DA:167,0
LF:41
LH:0
BRDA:25,0,0,0
BRDA:25,0,1,0
BRDA:52,1,0,0
BRDA:52,1,1,0
BRDA:54,2,0,0
BRDA:54,2,1,0
BRDA:56,3,0,0
BRDA:56,3,1,0
BRDA:71,4,0,0
BRDA:71,4,1,0
BRDA:71,5,0,0
BRDA:71,5,1,0
BRDA:71,5,2,0
BRDA:93,6,0,0
BRDA:93,6,1,0
BRDA:102,7,0,0
BRDA:102,7,1,0
BRF:17
BRH:0
end_of_record
TN:
SF:src/components/LeftSideBar.js
FN:4,(anonymous_0)
FN:21,(anonymous_1)
FN:26,(anonymous_2)
FN:41,(anonymous_3)
FN:46,(anonymous_4)
FN:58,(anonymous_5)
FN:85,(anonymous_6)
FN:97,(anonymous_7)
FN:103,(anonymous_8)
FN:109,(anonymous_9)
FN:127,(anonymous_10)
FN:129,(anonymous_11)
FN:131,(anonymous_12)
FN:142,(anonymous_13)
FN:154,(anonymous_14)
FN:161,(anonymous_15)
FN:225,(anonymous_16)
FN:228,(anonymous_17)
FN:241,(anonymous_18)
FN:246,(anonymous_19)
FN:248,(anonymous_20)
FN:261,(anonymous_21)
FN:262,(anonymous_22)
FN:264,(anonymous_23)
FNF:24
FNH:0
FNDA:0,(anonymous_0)
FNDA:0,(anonymous_1)
FNDA:0,(anonymous_2)
FNDA:0,(anonymous_3)
FNDA:0,(anonymous_4)
FNDA:0,(anonymous_5)
FNDA:0,(anonymous_6)
FNDA:0,(anonymous_7)
FNDA:0,(anonymous_8)
FNDA:0,(anonymous_9)
FNDA:0,(anonymous_10)
FNDA:0,(anonymous_11)
FNDA:0,(anonymous_12)
FNDA:0,(anonymous_13)
FNDA:0,(anonymous_14)
FNDA:0,(anonymous_15)
FNDA:0,(anonymous_16)
FNDA:0,(anonymous_17)
FNDA:0,(anonymous_18)
FNDA:0,(anonymous_19)
FNDA:0,(anonymous_20)
FNDA:0,(anonymous_21)
FNDA:0,(anonymous_22)
FNDA:0,(anonymous_23)
DA:4,0
DA:19,0
DA:21,0
DA:22,0
DA:23,0
DA:26,0
DA:27,0
DA:28,0
DA:29,0
DA:30,0
DA:32,0
DA:33,0
DA:35,0
DA:41,0
DA:46,0
DA:58,0
DA:86,0
DA:87,0
DA:97,0
DA:103,0
DA:109,0
DA:120,0
DA:127,0
DA:129,0
DA:131,0
DA:142,0
DA:152,0
DA:154,0
DA:161,0
DA:225,0
DA:228,0
DA:241,0
DA:246,0
DA:248,0
DA:261,0
DA:262,0
DA:264,0
LF:37
LH:0
BRDA:22,0,0,0
BRDA:22,0,1,0
BRDA:22,1,0,0
BRDA:22,1,1,0
BRDA:27,2,0,0
BRDA:27,2,1,0
BRDA:38,3,0,0
BRDA:38,3,1,0
BRDA:95,4,0,0
BRDA:95,4,1,0
BRDA:95,5,0,0
BRDA:95,5,1,0
BRDA:101,6,0,0
BRDA:101,6,1,0
BRDA:101,7,0,0
BRDA:101,7,1,0
BRDA:107,8,0,0
BRDA:107,8,1,0
BRDA:107,9,0,0
BRDA:107,9,1,0
BRDA:131,10,0,0
BRDA:131,10,1,0
BRF:22
BRH:0
end_of_record
TN:
SF:src/components/Loader.js
FN:4,(anonymous_0)
FNF:1
FNH:0
FNDA:0,(anonymous_0)
DA:4,0
DA:5,0
DA:15,0
LF:3
LH:0
BRF:0
BRH:0
end_of_record
TN:
SF:src/components/Login.js
FN:10,(anonymous_0)
FN:18,(anonymous_1)
FN:20,(anonymous_2)
FN:23,(anonymous_3)
FN:27,(anonymous_4)
FN:72,(anonymous_5)
FN:80,(anonymous_6)
FNF:7
FNH:0
FNDA:0,(anonymous_0)
FNDA:0,(anonymous_1)
FNDA:0,(anonymous_2)
FNDA:0,(anonymous_3)
FNDA:0,(anonymous_4)
FNDA:0,(anonymous_5)
FNDA:0,(anonymous_6)
DA:10,0
DA:11,0
DA:12,0
DA:13,0
DA:14,0
DA:15,0
DA:16,0
DA:18,0
DA:19,0
DA:20,0
DA:21,0
DA:23,0
DA:27,0
DA:28,0
DA:29,0
DA:30,0
DA:31,0
DA:33,0
DA:34,0
DA:35,0
DA:36,0
DA:37,0
DA:39,0
DA:40,0
DA:41,0
DA:43,0
DA:44,0
DA:46,0
DA:47,0
DA:49,0
DA:50,0
DA:52,0
DA:53,0
DA:58,0
DA:59,0
DA:73,0
DA:81,0
LF:37
LH:0
BRDA:19,0,0,0
BRDA:19,0,1,0
BRDA:28,1,0,0
BRDA:28,1,1,0
BRDA:28,2,0,0
BRDA:28,2,1,0
BRDA:41,3,0,0
BRDA:41,3,1,0
BRDA:41,3,2,0
BRDA:41,3,3,0
BRDA:58,4,0,0
BRDA:58,4,1,0
BRDA:94,5,0,0
BRDA:94,5,1,0
BRDA:94,5,2,0
BRF:15
BRH:0
end_of_record
TN:
SF:src/components/Map.js
FN:17,Map
FN:36,(anonymous_1)
FN:39,(anonymous_2)
FN:43,(anonymous_3)
FN:73,(anonymous_4)
FNF:5
FNH:0
FNDA:0,Map
FNDA:0,(anonymous_1)
FNDA:0,(anonymous_2)
FNDA:0,(anonymous_3)
FNDA:0,(anonymous_4)
DA:12,0
DA:36,0
DA:37,0
DA:40,0
DA:41,0
DA:43,0
DA:50,0
DA:56,0
DA:74,0
DA:99,0
LF:10
LH:0
BRDA:40,0,0,0
BRDA:40,0,1,0
BRDA:56,1,0,0
BRDA:56,1,1,0
BRDA:78,2,0,0
BRDA:78,2,1,0
BRDA:78,2,2,0
BRDA:81,3,0,0
BRDA:81,3,1,0
BRF:9
BRH:0
end_of_record
TN:
SF:src/components/Nav.js
FN:18,(anonymous_0)
FN:30,(anonymous_1)
FN:31,(anonymous_2)
FN:38,(anonymous_3)
FN:40,(anonymous_4)
FN:44,(anonymous_5)
FN:54,(anonymous_6)
FN:58,(anonymous_7)
FN:80,(anonymous_8)
FN:86,(anonymous_9)
FN:98,(anonymous_10)
FN:105,(anonymous_11)
FN:129,(anonymous_12)
FN:154,(anonymous_13)
FN:157,(anonymous_14)
FN:175,(anonymous_15)
FN:185,(anonymous_16)
FN:201,(anonymous_17)
FNF:18
FNH:0
FNDA:0,(anonymous_0)
FNDA:0,(anonymous_1)
FNDA:0,(anonymous_2)
FNDA:0,(anonymous_3)
FNDA:0,(anonymous_4)
FNDA:0,(anonymous_5)
FNDA:0,(anonymous_6)
FNDA:0,(anonymous_7)
FNDA:0,(anonymous_8)
FNDA:0,(anonymous_9)
FNDA:0,(anonymous_10)
FNDA:0,(anonymous_11)
FNDA:0,(anonymous_12)
FNDA:0,(anonymous_13)
FNDA:0,(anonymous_14)
FNDA:0,(anonymous_15)
FNDA:0,(anonymous_16)
FNDA:0,(anonymous_17)
DA:18,0
DA:27,0
DA:28,0
DA:30,0
DA:31,0
DA:32,0
DA:33,0
DA:38,0
DA:39,0
DA:40,0
DA:42,0
DA:44,0
DA:45,0
DA:49,0
DA:52,0
DA:54,0
DA:55,0
DA:58,0
DA:59,0
DA:64,0
DA:68,0
DA:81,0
DA:87,0
DA:98,0
DA:106,0
DA:107,0
DA:108,0
DA:124,0
DA:129,0
DA:132,0
DA:148,0
DA:154,0
DA:157,0
DA:175,0
DA:185,0
DA:201,0
LF:36
LH:0
BRDA:32,0,0,0
BRDA:32,0,1,0
BRDA:32,1,0,0
BRDA:32,1,1,0
BRDA:59,2,0,0
BRDA:59,2,1,0
BRDA:60,3,0,0
BRDA:60,3,1,0
BRDA:60,3,2,0
BRDA:70,4,0,0
BRDA:70,4,1,0
BRDA:94,5,0,0
BRDA:94,5,1,0
BRDA:97,6,0,0
BRDA:97,6,1,0
BRDA:112,7,0,0
BRDA:112,7,1,0
BRF:17
BRH:0
end_of_record
TN:
SF:src/components/ProtectedRoute.js
FN:4,(anonymous_0)
FNF:1
FNH:0
FNDA:0,(anonymous_0)
DA:4,0
DA:5,0
DA:6,0
LF:3
LH:0
BRDA:6,0,0,0
BRDA:6,0,1,0
BRF:2
BRH:0
end_of_record
TN:
SF:src/components/Signup.js
FN:16,(anonymous_0)
FN:32,(anonymous_1)
FN:71,(anonymous_2)
FN:73,(anonymous_3)
FN:76,(anonymous_4)
FN:94,(anonymous_5)
FN:101,(anonymous_6)
FN:108,(anonymous_7)
FNF:8
FNH:0
FNDA:0,(anonymous_0)
FNDA:0,(anonymous_1)
FNDA:0,(anonymous_2)
FNDA:0,(anonymous_3)
FNDA:0,(anonymous_4)
FNDA:0,(anonymous_5)
FNDA:0,(anonymous_6)
FNDA:0,(anonymous_7)
DA:16,0
DA:17,0
DA:18,0
DA:19,0
DA:20,0
DA:21,0
DA:30,0
DA:31,0
DA:32,0
DA:33,0
DA:34,0
DA:35,0
DA:36,0
DA:38,0
DA:39,0
DA:40,0
DA:41,0
DA:42,0
DA:43,0
DA:44,0
DA:45,0
DA:51,0
DA:53,0
DA:54,0
DA:55,0
DA:57,0
DA:58,0
DA:60,0
DA:61,0
DA:63,0
DA:64,0
DA:66,0
DA:67,0
DA:71,0
DA:72,0
DA:73,0
DA:74,0
DA:76,0
DA:80,0
DA:81,0
DA:95,0
DA:102,0
DA:108,0
LF:43
LH:0
BRDA:33,0,0,0
BRDA:33,0,1,0
BRDA:33,1,0,0
BRDA:33,1,1,0
BRDA:33,1,2,0
BRDA:42,2,0,0
BRDA:42,2,1,0
BRDA:55,3,0,0
BRDA:55,3,1,0
BRDA:55,3,2,0
BRDA:55,3,3,0
BRDA:72,4,0,0
BRDA:72,4,1,0
BRDA:80,5,0,0
BRDA:80,5,1,0
BRDA:119,6,0,0
BRDA:119,6,1,0
BRDA:119,6,2,0
BRF:18
BRH:0
end_of_record
TN:
SF:src/components/UserBox.js
FN:7,(anonymous_0)
FN:21,(anonymous_1)
FN:30,(anonymous_2)
FN:34,(anonymous_3)
FN:42,(anonymous_4)
FN:60,(anonymous_5)
FN:92,(anonymous_6)
FN:93,(anonymous_7)
FN:95,(anonymous_8)
FN:97,(anonymous_9)
FN:99,(anonymous_10)
FN:105,(anonymous_11)
FN:108,(anonymous_12)
FN:111,(anonymous_13)
FN:134,(anonymous_14)
FN:147,(anonymous_15)
FNF:16
FNH:0
FNDA:0,(anonymous_0)
FNDA:0,(anonymous_1)
FNDA:0,(anonymous_2)
FNDA:0,(anonymous_3)
FNDA:0,(anonymous_4)
FNDA:0,(anonymous_5)
FNDA:0,(anonymous_6)
FNDA:0,(anonymous_7)
FNDA:0,(anonymous_8)
FNDA:0,(anonymous_9)
FNDA:0,(anonymous_10)
FNDA:0,(anonymous_11)
FNDA:0,(anonymous_12)
FNDA:0,(anonymous_13)
FNDA:0,(anonymous_14)
FNDA:0,(anonymous_15)
DA:7,0
DA:15,0
DA:16,0
DA:17,0
DA:18,0
DA:19,0
DA:20,0
DA:21,0
DA:22,0
DA:23,0
DA:24,0
DA:25,0
DA:26,0
DA:30,0
DA:31,0
DA:34,0
DA:35,0
DA:37,0
DA:42,0
DA:61,0
DA:82,0
DA:92,0
DA:93,0
DA:96,0
DA:97,0
DA:99,0
DA:105,0
DA:108,0
DA:111,0
DA:115,0
DA:134,0
DA:147,0
DA:153,0
DA:172,0
DA:176,0
DA:180,0
LF:36
LH:0
BRDA:22,0,0,0
BRDA:22,0,1,0
BRDA:37,1,0,0
BRDA:37,1,1,0
BRDA:45,2,0,0
BRDA:45,2,1,0
BRDA:49,3,0,0
BRDA:49,3,1,0
BRDA:59,4,0,0
BRDA:59,4,1,0
BRDA:66,5,0,0
BRDA:66,5,1,0
BRDA:92,6,0,0
BRDA:92,6,1,0
BRDA:93,7,0,0
BRDA:93,7,1,0
BRDA:96,8,0,0
BRDA:96,8,1,0
BRDA:97,9,0,0
BRDA:97,9,1,0
BRDA:105,10,0,0
BRDA:105,10,1,0
BRDA:111,11,0,0
BRDA:111,11,1,0
BRF:24
BRH:0
end_of_record
TN:
SF:src/components/UserSelect.js
FN:6,(anonymous_0)
FN:16,(anonymous_1)
FN:20,(anonymous_2)
FN:22,(anonymous_3)
FN:27,(anonymous_4)
FN:93,(anonymous_5)
FN:96,(anonymous_6)
FNF:7
FNH:0
FNDA:0,(anonymous_0)
FNDA:0,(anonymous_1)
FNDA:0,(anonymous_2)
FNDA:0,(anonymous_3)
FNDA:0,(anonymous_4)
FNDA:0,(anonymous_5)
FNDA:0,(anonymous_6)
DA:5,0
DA:14,0
DA:16,0
DA:17,0
DA:20,0
DA:21,0
DA:22,0
DA:23,0
DA:27,0
DA:28,0
DA:29,0
DA:30,0
DA:31,0
DA:33,0
DA:36,0
DA:72,0
DA:93,0
DA:96,0
LF:18
LH:0
BRDA:38,0,0,0
BRDA:38,0,1,0
BRF:2
BRH:0
end_of_record
TN:
SF:src/components/scrollTopButton.js
FN:5,(anonymous_0)
FN:8,(anonymous_1)
FN:9,(anonymous_2)
FN:20,(anonymous_3)
FN:23,(anonymous_4)
FNF:5
FNH:0
FNDA:0,(anonymous_0)
FNDA:0,(anonymous_1)
FNDA:0,(anonymous_2)
FNDA:0,(anonymous_3)
FNDA:0,(anonymous_4)
DA:5,0
DA:6,0
DA:8,0
DA:9,0
DA:10,0
DA:11,0
DA:12,0
DA:14,0
DA:18,0
DA:20,0
DA:23,0
DA:24,0
DA:27,0
DA:37,0
LF:14
LH:0
BRDA:11,0,0,0
BRDA:11,0,1,0
BRDA:30,1,0,0
BRDA:30,1,1,0
BRF:4
BRH:0
end_of_record
TN:
SF:src/components/History/InviteHistory.js
FN:6,(anonymous_0)
FN:10,(anonymous_1)
FN:14,(anonymous_2)
FN:23,(anonymous_3)
FN:31,(anonymous_4)
FN:32,(anonymous_5)
FN:39,(anonymous_6)
FN:80,(anonymous_7)
FN:90,(anonymous_8)
FN:99,(anonymous_9)
FNF:10
FNH:0
FNDA:0,(anonymous_0)
FNDA:0,(anonymous_1)
FNDA:0,(anonymous_2)
FNDA:0,(anonymous_3)
FNDA:0,(anonymous_4)
FNDA:0,(anonymous_5)
FNDA:0,(anonymous_6)
FNDA:0,(anonymous_7)
FNDA:0,(anonymous_8)
FNDA:0,(anonymous_9)
DA:6,0
DA:7,0
DA:8,0
DA:9,0
DA:10,0
DA:11,0
DA:14,0
DA:15,0
DA:16,0
DA:21,0
DA:23,0
DA:24,0
DA:26,0
DA:27,0
DA:31,0
DA:32,0
DA:36,0
DA:40,0
DA:72,0
DA:80,0
DA:84,0
DA:90,0
DA:99,0
LF:23
LH:0
BRDA:15,0,0,0
BRDA:15,0,1,0
BRDA:38,1,0,0
BRDA:38,1,1,0
BRDA:54,2,0,0
BRDA:54,2,1,0
BRDA:56,3,0,0
BRDA:56,3,1,0
BRF:8
BRH:0
end_of_record
TN:
SF:src/components/History/NannyHistory.js
FN:7,(anonymous_0)
FN:11,(anonymous_1)
FN:15,(anonymous_2)
FN:24,(anonymous_3)
FN:30,(anonymous_4)
FN:31,(anonymous_5)
FN:38,(anonymous_6)
FN:83,(anonymous_7)
FN:93,(anonymous_8)
FN:102,(anonymous_9)
FNF:10
FNH:0
FNDA:0,(anonymous_0)
FNDA:0,(anonymous_1)
FNDA:0,(anonymous_2)
FNDA:0,(anonymous_3)
FNDA:0,(anonymous_4)
FNDA:0,(anonymous_5)
FNDA:0,(anonymous_6)
FNDA:0,(anonymous_7)
FNDA:0,(anonymous_8)
FNDA:0,(anonymous_9)
DA:7,0
DA:8,0
DA:9,0
DA:10,0
DA:11,0
DA:12,0
DA:15,0
DA:16,0
DA:17,0
DA:22,0
DA:24,0
DA:25,0
DA:26,0
DA:27,0
DA:30,0
DA:31,0
DA:35,0
DA:39,0
DA:75,0
DA:83,0
DA:87,0
DA:93,0
DA:102,0
LF:23
LH:0
BRDA:16,0,0,0
BRDA:16,0,1,0
BRDA:37,1,0,0
BRDA:37,1,1,0
BRDA:42,2,0,0
BRDA:42,2,1,0
BRDA:53,3,0,0
BRDA:53,3,1,0
BRDA:57,4,0,0
BRDA:57,4,1,0
BRF:10
BRH:0
end_of_record
TN:
SF:src/components/List/InviteList.js
FN:18,(anonymous_0)
FN:26,(anonymous_1)
FN:41,(anonymous_2)
FN:42,(anonymous_3)
FN:44,(anonymous_4)
FN:49,(anonymous_5)
FN:58,(anonymous_6)
FN:75,(anonymous_7)
FN:85,(anonymous_8)
FN:86,(anonymous_9)
FN:95,(anonymous_10)
FN:105,(anonymous_11)
FN:151,(anonymous_12)
FN:159,(anonymous_13)
FN:165,(anonymous_14)
FNF:15
FNH:0
FNDA:0,(anonymous_0)
FNDA:0,(anonymous_1)
FNDA:0,(anonymous_2)
FNDA:0,(anonymous_3)
FNDA:0,(anonymous_4)
FNDA:0,(anonymous_5)
FNDA:0,(anonymous_6)
FNDA:0,(anonymous_7)
FNDA:0,(anonymous_8)
FNDA:0,(anonymous_9)
FNDA:0,(anonymous_10)
FNDA:0,(anonymous_11)
FNDA:0,(anonymous_12)
FNDA:0,(anonymous_13)
FNDA:0,(anonymous_14)
DA:18,0
DA:19,0
DA:20,0
DA:21,0
DA:22,0
DA:23,0
DA:24,0
DA:26,0
DA:27,0
DA:28,0
DA:29,0
DA:30,0
DA:33,0
DA:36,0
DA:41,0
DA:42,0
DA:43,0
DA:44,0
DA:45,0
DA:46,0
DA:49,0
DA:50,0
DA:54,0
DA:58,0
DA:59,0
DA:60,0
DA:62,0
DA:63,0
DA:64,0
DA:65,0
DA:66,0
DA:67,0
DA:70,0
DA:71,0
DA:76,0
DA:77,0
DA:79,0
DA:81,0
DA:82,0
DA:85,0
DA:86,0
DA:87,0
DA:88,0
DA:93,0
DA:94,0
DA:95,0
DA:96,0
DA:97,0
DA:102,0
DA:104,0
DA:105,0
DA:106,0
DA:107,0
DA:108,0
DA:109,0
DA:112,0
DA:151,0
DA:159,0
DA:165,0
DA:187,0
DA:193,0
DA:208,0
DA:216,0
LF:63
LH:0
BRDA:43,0,0,0
BRDA:43,0,1,0
BRDA:45,1,0,0
BRDA:45,1,1,0
BRDA:59,2,0,0
BRDA:59,2,1,0
BRDA:87,3,0,0
BRDA:87,3,1,0
BRDA:93,4,0,0
BRDA:93,4,1,0
BRDA:107,5,0,0
BRDA:107,5,1,0
BRDA:115,6,0,0
BRDA:115,6,1,0
BRDA:117,7,0,0
BRDA:117,7,1,0
BRDA:117,8,0,0
BRDA:117,8,1,0
BRDA:117,8,2,0
BRDA:117,8,3,0
BRDA:125,9,0,0
BRDA:125,9,1,0
BRDA:125,10,0,0
BRDA:125,10,1,0
BRDA:125,10,2,0
BRDA:125,10,3,0
BRDA:135,11,0,0
BRDA:135,11,1,0
BRDA:135,12,0,0
BRDA:135,12,1,0
BRDA:137,13,0,0
BRDA:137,13,1,0
BRDA:139,14,0,0
BRDA:139,14,1,0
BRDA:141,15,0,0
BRDA:141,15,1,0
BRDA:147,16,0,0
BRDA:147,16,1,0
BRDA:147,17,0,0
BRDA:147,17,1,0
BRDA:148,18,0,0
BRDA:148,18,1,0
BRDA:155,19,0,0
BRDA:155,19,1,0
BRDA:170,20,0,0
BRDA:170,20,1,0
BRF:46
BRH:0
end_of_record
TN:
SF:src/components/List/NannyList.js
FN:16,(anonymous_0)
FN:21,(anonymous_1)
FN:28,(anonymous_2)
FN:29,(anonymous_3)
FN:32,(anonymous_4)
FN:38,(anonymous_5)
FN:51,(anonymous_6)
FN:77,(anonymous_7)
FN:86,(anonymous_8)
FN:94,(anonymous_9)
FN:105,(anonymous_10)
FN:111,(anonymous_11)
FN:141,(anonymous_12)
FN:156,(anonymous_13)
FN:161,(anonymous_14)
FNF:15
FNH:0
FNDA:0,(anonymous_0)
FNDA:0,(anonymous_1)
FNDA:0,(anonymous_2)
FNDA:0,(anonymous_3)
FNDA:0,(anonymous_4)
FNDA:0,(anonymous_5)
FNDA:0,(anonymous_6)
FNDA:0,(anonymous_7)
FNDA:0,(anonymous_8)
FNDA:0,(anonymous_9)
FNDA:0,(anonymous_10)
FNDA:0,(anonymous_11)
FNDA:0,(anonymous_12)
FNDA:0,(anonymous_13)
FNDA:0,(anonymous_14)
DA:16,0
DA:17,0
DA:18,0
DA:19,0
DA:21,0
DA:22,0
DA:23,0
DA:28,0
DA:29,0
DA:30,0
DA:32,0
DA:33,0
DA:38,0
DA:39,0
DA:40,0
DA:41,0
DA:42,0
DA:47,0
DA:51,0
DA:52,0
DA:53,0
DA:64,0
DA:77,0
DA:78,0
DA:83,0
DA:86,0
DA:87,0
DA:90,0
DA:95,0
DA:105,0
DA:111,0
DA:130,0
DA:135,0
DA:141,0
DA:145,0
DA:150,0
DA:156,0
DA:161,0
DA:174,0
DA:204,0
LF:40
LH:0
BRDA:22,0,0,0
BRDA:22,0,1,0
BRDA:93,1,0,0
BRDA:93,1,1,0
BRDA:99,2,0,0
BRDA:99,2,1,0
BRF:6
BRH:0
end_of_record
TN:
SF:src/components/chatapp/Chat.js
FN:11,(anonymous_0)
FN:14,(anonymous_1)
FN:20,(anonymous_2)
FNF:3
FNH:0
FNDA:0,(anonymous_0)
FNDA:0,(anonymous_1)
FNDA:0,(anonymous_2)
DA:11,0
DA:12,0
DA:13,0
DA:14,0
DA:15,0
DA:17,0
DA:20,0
DA:30,0
DA:33,0
LF:9
LH:0
BRF:0
BRH:0
end_of_record
TN:
SF:src/components/chatapp/Chats.js
FN:7,(anonymous_0)
FN:11,(anonymous_1)
FN:12,(anonymous_2)
FN:13,(anonymous_3)
FN:17,(anonymous_4)
FN:23,(anonymous_5)
FN:32,(anonymous_6)
FN:33,(anonymous_7)
FN:36,(anonymous_8)
FNF:9
FNH:0
FNDA:0,(anonymous_0)
FNDA:0,(anonymous_1)
FNDA:0,(anonymous_2)
FNDA:0,(anonymous_3)
FNDA:0,(anonymous_4)
FNDA:0,(anonymous_5)
FNDA:0,(anonymous_6)
FNDA:0,(anonymous_7)
FNDA:0,(anonymous_8)
DA:7,0
DA:8,0
DA:9,0
DA:10,0
DA:11,0
DA:12,0
DA:13,0
DA:14,0
DA:15,0
DA:17,0
DA:18,0
DA:21,0
DA:23,0
DA:24,0
DA:25,0
DA:28,0
DA:32,0
DA:34,0
DA:36,0
DA:58,0
DA:62,0
DA:79,0
LF:22
LH:0
BRDA:15,0,0,0
BRDA:15,0,1,0
BRDA:21,1,0,0
BRDA:21,1,1,0
BRDA:30,2,0,0
BRDA:30,2,1,0
BRDA:40,3,0,0
BRDA:40,3,1,0
BRF:8
BRH:0
end_of_record
TN:
SF:src/components/chatapp/Input.js
FN:16,(anonymous_0)
FN:22,(anonymous_1)
FN:26,(anonymous_2)
FN:29,(anonymous_3)
FNF:4
FNH:0
FNDA:0,(anonymous_0)
FNDA:0,(anonymous_1)
FNDA:0,(anonymous_2)
FNDA:0,(anonymous_3)
DA:16,0
DA:17,0
DA:18,0
DA:19,0
DA:22,0
DA:26,0
DA:29,0
DA:37,0
DA:56,0
LF:9
LH:0
BRDA:26,0,0,0
BRDA:26,0,1,0
BRF:2
BRH:0
end_of_record
TN:
SF:src/components/chatapp/Message.js
FN:6,(anonymous_0)
FN:11,(anonymous_1)
FNF:2
FNH:0
FNDA:0,(anonymous_0)
FNDA:0,(anonymous_1)
DA:6,0
DA:7,0
DA:8,0
DA:9,0
DA:11,0
DA:12,0
DA:14,0
DA:15,0
DA:41,0
DA:57,0
DA:69,0
LF:11
LH:0
BRDA:18,0,0,0
BRDA:18,0,1,0
BRDA:23,1,0,0
BRDA:23,1,1,0
BRDA:23,2,0,0
BRDA:23,2,1,0
BRDA:24,3,0,0
BRDA:24,3,1,0
BRDA:25,4,0,0
BRDA:25,4,1,0
BRF:10
BRH:0
end_of_record
TN:
SF:src/components/chatapp/Messages.js
FN:8,(anonymous_0)
FN:11,(anonymous_1)
FN:12,(anonymous_2)
FN:15,(anonymous_3)
FN:21,(anonymous_4)
FNF:5
FNH:0
FNDA:0,(anonymous_0)
FNDA:0,(anonymous_1)
FNDA:0,(anonymous_2)
FNDA:0,(anonymous_3)
FNDA:0,(anonymous_4)
DA:8,0
DA:9,0
DA:10,0
DA:11,0
DA:12,0
DA:13,0
DA:15,0
DA:16,0
DA:19,0
DA:22,0
DA:30,0
LF:11
LH:0
BRDA:13,0,0,0
BRDA:13,0,1,0
BRF:2
BRH:0
end_of_record
TN:
SF:src/components/chatapp/Navbar.js
FN:4,(anonymous_0)
FN:29,(anonymous_1)
FNF:2
FNH:0
FNDA:0,(anonymous_0)
FNDA:0,(anonymous_1)
DA:4,0
DA:5,0
DA:6,0
DA:19,0
DA:29,0
LF:5
LH:0
BRDA:10,0,0,0
BRDA:10,0,1,0
BRF:2
BRH:0
end_of_record
TN:
SF:src/components/chatapp/Sidebar.js
FN:5,(anonymous_0)
FN:20,(anonymous_1)
FNF:2
FNH:0
FNDA:0,(anonymous_0)
FNDA:0,(anonymous_1)
DA:5,0
DA:6,0
DA:16,0
DA:20,0
LF:4
LH:0
BRF:0
BRH:0
end_of_record
TN:
SF:src/context/AuthContext.js
FN:22,(anonymous_0)
FN:26,(anonymous_1)
FN:41,(anonymous_2)
FN:44,(anonymous_3)
FN:48,(anonymous_4)
FN:51,(anonymous_5)
FN:52,(anonymous_6)
FN:56,(anonymous_7)
FN:61,(anonymous_8)
FN:130,(anonymous_9)
FNF:10
FNH:0
FNDA:0,(anonymous_0)
FNDA:0,(anonymous_1)
FNDA:0,(anonymous_2)
FNDA:0,(anonymous_3)
FNDA:0,(anonymous_4)
FNDA:0,(anonymous_5)
FNDA:0,(anonymous_6)
FNDA:0,(anonymous_7)
FNDA:0,(anonymous_8)
FNDA:0,(anonymous_9)
DA:21,0
DA:22,0
DA:23,0
DA:26,0
DA:27,0
DA:29,0
DA:30,0
DA:31,0
DA:32,0
DA:34,0
DA:35,0
DA:36,0
DA:37,0
DA:38,0
DA:40,0
DA:41,0
DA:42,0
DA:44,0
DA:45,0
DA:48,0
DA:49,0
DA:51,0
DA:52,0
DA:53,0
DA:54,0
DA:56,0
DA:57,0
DA:61,0
DA:63,0
DA:67,0
DA:68,0
DA:69,0
DA:70,0
DA:74,0
DA:76,0
DA:79,0
DA:89,0
DA:100,0
DA:102,0
DA:105,0
DA:111,0
DA:113,0
DA:116,0
DA:122,0
DA:125,0
DA:126,0
DA:130,0
DA:131,0
DA:133,0
DA:134,0
DA:135,0
DA:137,0
DA:146,0
DA:152,0
DA:158,0
DA:161,0
DA:189,0
LF:57
LH:0
BRDA:63,0,0,0
BRDA:63,0,1,0
BRDA:74,1,0,0
BRDA:74,1,1,0
BRDA:84,2,0,0
BRDA:84,2,1,0
BRDA:94,3,0,0
BRDA:94,3,1,0
BRDA:100,4,0,0
BRDA:100,4,1,0
BRDA:111,5,0,0
BRDA:111,5,1,0
BRDA:131,6,0,0
BRDA:131,6,1,0
BRDA:133,7,0,0
BRDA:133,7,1,0
BRF:16
BRH:0
end_of_record
TN:
SF:src/context/ChatContext.js
FN:13,(anonymous_0)
FN:17,(anonymous_1)
FN:24,(anonymous_2)
FNF:3
FNH:0
FNDA:0,(anonymous_0)
FNDA:0,(anonymous_1)
FNDA:0,(anonymous_2)
DA:12,0
DA:13,0
DA:14,0
DA:17,0
DA:18,0
DA:19,0
DA:24,0
DA:25,0
DA:27,0
DA:35,0
DA:38,0
DA:39,0
LF:12
LH:0
BRDA:25,0,0,0
BRDA:25,0,1,0
BRDA:30,1,0,0
BRDA:30,1,1,0
BRF:4
BRH:0
end_of_record
TN:
SF:src/pages/Account.js
FN:30,(anonymous_0)
FN:65,(anonymous_1)
FN:66,(anonymous_2)
FN:68,(anonymous_3)
FN:72,(anonymous_4)
FN:78,(anonymous_5)
FN:79,(anonymous_6)
FN:86,(anonymous_7)
FN:91,(anonymous_8)
FN:101,(anonymous_9)
FN:106,(anonymous_10)
FN:117,(anonymous_11)
FN:118,(anonymous_12)
FN:122,(anonymous_13)
FN:141,(anonymous_14)
FN:160,(anonymous_15)
FN:182,(anonymous_16)
FN:198,(anonymous_17)
FN:203,(anonymous_18)
FN:215,(anonymous_19)
FN:223,(anonymous_20)
FN:229,(anonymous_21)
FN:232,(anonymous_22)
FN:239,(anonymous_23)
FN:263,(anonymous_24)
FN:274,(anonymous_25)
FN:281,(anonymous_26)
FN:303,(anonymous_27)
FN:318,(anonymous_28)
FN:338,(anonymous_29)
FN:383,(anonymous_30)
FN:392,(anonymous_31)
FN:397,(anonymous_32)
FN:413,(anonymous_33)
FN:436,(anonymous_34)
FNF:35
FNH:0
FNDA:0,(anonymous_0)
FNDA:0,(anonymous_1)
FNDA:0,(anonymous_2)
FNDA:0,(anonymous_3)
FNDA:0,(anonymous_4)
FNDA:0,(anonymous_5)
FNDA:0,(anonymous_6)
FNDA:0,(anonymous_7)
FNDA:0,(anonymous_8)
FNDA:0,(anonymous_9)
FNDA:0,(anonymous_10)
FNDA:0,(anonymous_11)
FNDA:0,(anonymous_12)
FNDA:0,(anonymous_13)
FNDA:0,(anonymous_14)
FNDA:0,(anonymous_15)
FNDA:0,(anonymous_16)
FNDA:0,(anonymous_17)
FNDA:0,(anonymous_18)
FNDA:0,(anonymous_19)
FNDA:0,(anonymous_20)
FNDA:0,(anonymous_21)
FNDA:0,(anonymous_22)
FNDA:0,(anonymous_23)
FNDA:0,(anonymous_24)
FNDA:0,(anonymous_25)
FNDA:0,(anonymous_26)
FNDA:0,(anonymous_27)
FNDA:0,(anonymous_28)
FNDA:0,(anonymous_29)
FNDA:0,(anonymous_30)
FNDA:0,(anonymous_31)
FNDA:0,(anonymous_32)
FNDA:0,(anonymous_33)
FNDA:0,(anonymous_34)
DA:30,0
DA:31,0
DA:32,0
DA:33,0
DA:34,0
DA:36,0
DA:37,0
DA:39,0
DA:40,0
DA:41,0
DA:42,0
DA:43,0
DA:44,0
DA:45,0
DA:47,0
DA:49,0
DA:51,0
DA:53,0
DA:56,0
DA:63,0
DA:64,0
DA:65,0
DA:66,0
DA:67,0
DA:69,0
DA:70,0
DA:73,0
DA:78,0
DA:79,0
DA:80,0
DA:81,0
DA:82,0
DA:85,0
DA:86,0
DA:87,0
DA:91,0
DA:92,0
DA:93,0
DA:95,0
DA:96,0
DA:101,0
DA:102,0
DA:103,0
DA:106,0
DA:107,0
DA:108,0
DA:109,0
DA:110,0
DA:112,0
DA:113,0
DA:117,0
DA:118,0
DA:119,0
DA:122,0
DA:123,0
DA:124,0
DA:127,0
DA:129,0
DA:130,0
DA:131,0
DA:133,0
DA:134,0
DA:135,0
DA:136,0
DA:141,0
DA:142,0
DA:143,0
DA:144,0
DA:145,0
DA:146,0
DA:147,0
DA:149,0
DA:150,0
DA:151,0
DA:152,0
DA:153,0
DA:155,0
DA:160,0
DA:161,0
DA:162,0
DA:173,0
DA:174,0
DA:175,0
DA:178,0
DA:182,0
DA:184,0
DA:185,0
DA:186,0
DA:188,0
DA:189,0
DA:192,0
DA:198,0
DA:199,0
DA:200,0
DA:201,0
DA:202,0
DA:204,0
DA:208,0
DA:211,0
DA:212,0
DA:213,0
DA:216,0
DA:217,0
DA:218,0
DA:223,0
DA:224,0
DA:225,0
DA:229,0
DA:230,0
DA:231,0
DA:232,0
DA:233,0
DA:235,0
DA:239,0
DA:240,0
DA:241,0
DA:242,0
DA:243,0
DA:244,0
DA:245,0
DA:246,0
DA:247,0
DA:248,0
DA:249,0
DA:250,0
DA:251,0
DA:263,0
DA:264,0
DA:274,0
DA:275,0
DA:276,0
DA:278,0
DA:279,0
DA:281,0
DA:282,0
DA:283,0
DA:285,0
DA:304,0
DA:305,0
DA:319,0
DA:320,0
DA:339,0
DA:340,0
DA:384,0
DA:385,0
DA:393,0
DA:397,0
DA:414,0
DA:437,0
LF:149
LH:0
BRDA:80,0,0,0
BRDA:80,0,1,0
BRDA:92,1,0,0
BRDA:92,1,1,0
BRDA:95,2,0,0
BRDA:95,2,1,0
BRDA:95,3,0,0
BRDA:95,3,1,0
BRDA:107,4,0,0
BRDA:107,4,1,0
BRDA:107,5,0,0
BRDA:107,5,1,0
BRDA:108,6,0,0
BRDA:108,6,1,0
BRDA:142,7,0,0
BRDA:142,7,1,0
BRDA:145,8,0,0
BRDA:145,8,1,0
BRDA:167,9,0,0
BRDA:167,9,1,0
BRDA:168,10,0,0
BRDA:168,10,1,0
BRDA:169,11,0,0
BRDA:169,11,1,0
BRDA:170,12,0,0
BRDA:170,12,1,0
BRDA:171,13,0,0
BRDA:171,13,1,0
BRDA:174,14,0,0
BRDA:174,14,1,0
BRDA:224,15,0,0
BRDA:224,15,1,0
BRDA:224,16,0,0
BRDA:224,16,1,0
BRDA:230,17,0,0
BRDA:230,17,1,0
BRDA:242,18,0,0
BRDA:242,18,1,0
BRDA:250,19,0,0
BRDA:250,19,1,0
BRDA:252,20,0,0
BRDA:252,20,1,0
BRDA:275,21,0,0
BRDA:275,21,1,0
BRDA:275,22,0,0
BRDA:275,22,1,0
BRDA:295,23,0,0
BRDA:295,23,1,0
BRDA:297,24,0,0
BRDA:297,24,1,0
BRDA:317,25,0,0
BRDA:317,25,1,0
BRDA:332,26,0,0
BRDA:332,26,1,0
BRDA:336,27,0,0
BRDA:336,27,1,0
BRDA:381,28,0,0
BRDA:381,28,1,0
BRDA:412,29,0,0
BRDA:412,29,1,0
BRF:60
BRH:0
end_of_record
TN:
SF:src/pages/Chatbox.js
FN:8,(anonymous_0)
FN:41,(anonymous_1)
FNF:2
FNH:0
FNDA:0,(anonymous_0)
FNDA:0,(anonymous_1)
DA:8,0
DA:10,0
DA:11,0
DA:26,0
DA:33,0
DA:41,0
LF:6
LH:0
BRF:0
BRH:0
end_of_record
TN:
SF:src/pages/History.js
FN:9,(anonymous_0)
FN:20,(anonymous_1)
FN:25,(anonymous_2)
FN:50,(anonymous_3)
FN:57,(anonymous_4)
FN:67,(anonymous_5)
FN:79,(anonymous_6)
FN:89,(anonymous_7)
FN:105,(anonymous_8)
FNF:9
FNH:0
FNDA:0,(anonymous_0)
FNDA:0,(anonymous_1)
FNDA:0,(anonymous_2)
FNDA:0,(anonymous_3)
FNDA:0,(anonymous_4)
FNDA:0,(anonymous_5)
FNDA:0,(anonymous_6)
FNDA:0,(anonymous_7)
FNDA:0,(anonymous_8)
DA:9,0
DA:10,0
DA:11,0
DA:12,0
DA:13,0
DA:21,0
DA:25,0
DA:45,0
DA:50,0
DA:57,0
DA:61,0
DA:67,0
DA:79,0
DA:89,0
DA:102,0
DA:105,0
LF:16
LH:0
BRDA:34,0,0,0
BRDA:34,0,1,0
BRDA:35,1,0,0
BRDA:35,1,1,0
BRF:4
BRH:0
end_of_record
TN:
SF:src/pages/Homepage.js
FN:15,(anonymous_0)
FN:46,(anonymous_1)
FN:51,(anonymous_2)
FN:52,(anonymous_3)
FN:56,(anonymous_4)
FN:57,(anonymous_5)
FN:63,(anonymous_6)
FN:71,(anonymous_7)
FN:72,(anonymous_8)
FN:74,(anonymous_9)
FN:82,(anonymous_10)
FN:105,(anonymous_11)
FN:106,(anonymous_12)
FN:111,(anonymous_13)
FN:129,(anonymous_14)
FN:152,(anonymous_15)
FN:153,(anonymous_16)
FN:172,(anonymous_17)
FN:175,(anonymous_18)
FN:182,(anonymous_19)
FN:186,(anonymous_20)
FN:204,(anonymous_21)
FN:265,(anonymous_22)
FN:268,(anonymous_23)
FN:279,(anonymous_24)
FN:282,(anonymous_25)
FN:303,(anonymous_26)
FN:314,(anonymous_27)
FNF:28
FNH:0
FNDA:0,(anonymous_0)
FNDA:0,(anonymous_1)
FNDA:0,(anonymous_2)
FNDA:0,(anonymous_3)
FNDA:0,(anonymous_4)
FNDA:0,(anonymous_5)
FNDA:0,(anonymous_6)
FNDA:0,(anonymous_7)
FNDA:0,(anonymous_8)
FNDA:0,(anonymous_9)
FNDA:0,(anonymous_10)
FNDA:0,(anonymous_11)
FNDA:0,(anonymous_12)
FNDA:0,(anonymous_13)
FNDA:0,(anonymous_14)
FNDA:0,(anonymous_15)
FNDA:0,(anonymous_16)
FNDA:0,(anonymous_17)
FNDA:0,(anonymous_18)
FNDA:0,(anonymous_19)
FNDA:0,(anonymous_20)
FNDA:0,(anonymous_21)
FNDA:0,(anonymous_22)
FNDA:0,(anonymous_23)
FNDA:0,(anonymous_24)
FNDA:0,(anonymous_25)
FNDA:0,(anonymous_26)
FNDA:0,(anonymous_27)
DA:15,0
DA:16,0
DA:17,0
DA:18,0
DA:19,0
DA:20,0
DA:21,0
DA:22,0
DA:23,0
DA:24,0
DA:25,0
DA:27,0
DA:28,0
DA:29,0
DA:30,0
DA:31,0
DA:33,0
DA:35,0
DA:36,0
DA:37,0
DA:38,0
DA:42,0
DA:43,0
DA:44,0
DA:46,0
DA:47,0
DA:51,0
DA:52,0
DA:53,0
DA:56,0
DA:58,0
DA:59,0
DA:60,0
DA:61,0
DA:64,0
DA:65,0
DA:71,0
DA:72,0
DA:73,0
DA:75,0
DA:79,0
DA:80,0
DA:83,0
DA:84,0
DA:85,0
DA:87,0
DA:88,0
DA:90,0
DA:91,0
DA:93,0
DA:94,0
DA:96,0
DA:97,0
DA:102,0
DA:105,0
DA:106,0
DA:107,0
DA:108,0
DA:109,0
DA:110,0
DA:111,0
DA:112,0
DA:118,0
DA:119,0
DA:123,0
DA:124,0
DA:129,0
DA:130,0
DA:131,0
DA:132,0
DA:136,0
DA:137,0
DA:142,0
DA:143,0
DA:145,0
DA:147,0
DA:149,0
DA:152,0
DA:153,0
DA:155,0
DA:161,0
DA:165,0
DA:166,0
DA:168,0
DA:172,0
DA:173,0
DA:174,0
DA:175,0
DA:176,0
DA:177,0
DA:178,0
DA:179,0
DA:180,0
DA:181,0
DA:183,0
DA:184,0
DA:187,0
DA:188,0
DA:192,0
DA:193,0
DA:198,0
DA:199,0
DA:204,0
DA:266,0
DA:269,0
DA:270,0
DA:280,0
DA:283,0
DA:284,0
DA:294,0
DA:303,0
DA:307,0
DA:315,0
DA:317,0
LF:114
LH:0
BRDA:85,0,0,0
BRDA:85,0,1,0
BRDA:85,0,2,0
BRDA:85,0,3,0
BRDA:110,1,0,0
BRDA:110,1,1,0
BRDA:112,2,0,0
BRDA:112,2,1,0
BRDA:113,3,0,0
BRDA:113,3,1,0
BRDA:113,3,2,0
BRDA:113,3,3,0
BRDA:123,4,0,0
BRDA:123,4,1,0
BRDA:130,5,0,0
BRDA:130,5,1,0
BRDA:130,6,0,0
BRDA:130,6,1,0
BRDA:136,7,0,0
BRDA:136,7,1,0
BRDA:142,8,0,0
BRDA:142,8,1,0
BRDA:165,9,0,0
BRDA:165,9,1,0
BRDA:176,10,0,0
BRDA:176,10,1,0
BRDA:192,11,0,0
BRDA:192,11,1,0
BRDA:201,12,0,0
BRDA:201,12,1,0
BRDA:315,13,0,0
BRDA:315,13,1,0
BRDA:315,14,0,0
BRDA:315,14,1,0
BRDA:315,14,2,0
BRF:35
BRH:0
end_of_record
TN:
SF:src/pages/List.js
FN:8,(anonymous_0)
FN:18,(anonymous_1)
FN:28,(anonymous_2)
FN:33,(anonymous_3)
FN:89,(anonymous_4)
FN:95,(anonymous_5)
FN:133,(anonymous_6)
FN:151,(anonymous_7)
FNF:8
FNH:0
FNDA:0,(anonymous_0)
FNDA:0,(anonymous_1)
FNDA:0,(anonymous_2)
FNDA:0,(anonymous_3)
FNDA:0,(anonymous_4)
FNDA:0,(anonymous_5)
FNDA:0,(anonymous_6)
FNDA:0,(anonymous_7)
DA:8,0
DA:9,0
DA:10,0
DA:11,0
DA:12,0
DA:13,0
DA:18,0
DA:29,0
DA:33,0
DA:60,0
DA:68,0
DA:71,0
DA:89,0
DA:95,0
DA:120,0
DA:126,0
DA:133,0
DA:135,0
DA:151,0
LF:19
LH:0
BRDA:36,0,0,0
BRDA:36,0,1,0
BRDA:36,0,2,0
BRDA:48,1,0,0
BRDA:48,1,1,0
BRDA:49,2,0,0
BRDA:49,2,1,0
BRDA:133,3,0,0
BRDA:133,3,1,0
BRDA:151,4,0,0
BRDA:151,4,1,0
BRF:11
BRH:0
end_of_record
TN:
SF:src/pages/Main.js
FN:6,(anonymous_0)
FN:19,(anonymous_1)
FN:20,(anonymous_2)
FN:28,(anonymous_3)
FN:92,(anonymous_4)
FN:109,(anonymous_5)
FN:118,(anonymous_6)
FN:127,(anonymous_7)
FN:131,(anonymous_8)
FN:149,(anonymous_9)
FN:152,(anonymous_10)
FN:173,(anonymous_11)
FN:191,(anonymous_12)
FN:198,(anonymous_13)
FN:213,(anonymous_14)
FN:219,(anonymous_15)
FN:225,(anonymous_16)
FN:268,(anonymous_17)
FN:269,(anonymous_18)
FN:294,(anonymous_19)
FN:301,(anonymous_20)
FNF:21
FNH:0
FNDA:0,(anonymous_0)
FNDA:0,(anonymous_1)
FNDA:0,(anonymous_2)
FNDA:0,(anonymous_3)
FNDA:0,(anonymous_4)
FNDA:0,(anonymous_5)
FNDA:0,(anonymous_6)
FNDA:0,(anonymous_7)
FNDA:0,(anonymous_8)
FNDA:0,(anonymous_9)
FNDA:0,(anonymous_10)
FNDA:0,(anonymous_11)
FNDA:0,(anonymous_12)
FNDA:0,(anonymous_13)
FNDA:0,(anonymous_14)
FNDA:0,(anonymous_15)
FNDA:0,(anonymous_16)
FNDA:0,(anonymous_17)
FNDA:0,(anonymous_18)
FNDA:0,(anonymous_19)
FNDA:0,(anonymous_20)
DA:6,0
DA:7,0
DA:8,0
DA:19,0
DA:20,0
DA:28,0
DA:78,0
DA:83,0
DA:92,0
DA:98,0
DA:109,0
DA:118,0
DA:127,0
DA:131,0
DA:149,0
DA:152,0
DA:165,0
DA:173,0
DA:191,0
DA:198,0
DA:213,0
DA:219,0
DA:225,0
DA:245,0
DA:254,0
DA:268,0
DA:269,0
DA:275,0
DA:284,0
DA:294,0
DA:301,0
DA:307,0
LF:32
LH:0
BRDA:268,0,0,0
BRDA:268,0,1,0
BRF:2
BRH:0
end_of_record
TN:
SF:src/pages/Reserve.js
FN:11,(anonymous_0)
FN:32,(anonymous_1)
FN:45,(anonymous_2)
FN:79,(anonymous_3)
FN:80,(anonymous_4)
FN:103,(anonymous_5)
FN:135,(anonymous_6)
FN:150,(anonymous_7)
FN:192,(anonymous_8)
FN:210,(anonymous_9)
FN:311,(anonymous_10)
FNF:11
FNH:0
FNDA:0,(anonymous_0)
FNDA:0,(anonymous_1)
FNDA:0,(anonymous_2)
FNDA:0,(anonymous_3)
FNDA:0,(anonymous_4)
FNDA:0,(anonymous_5)
FNDA:0,(anonymous_6)
FNDA:0,(anonymous_7)
FNDA:0,(anonymous_8)
FNDA:0,(anonymous_9)
FNDA:0,(anonymous_10)
DA:11,0
DA:12,0
DA:13,0
DA:14,0
DA:15,0
DA:16,0
DA:17,0
DA:18,0
DA:19,0
DA:20,0
DA:28,0
DA:29,0
DA:30,0
DA:32,0
DA:33,0
DA:34,0
DA:42,0
DA:45,0
DA:46,0
DA:47,0
DA:52,0
DA:53,0
DA:54,0
DA:58,0
DA:59,0
DA:61,0
DA:76,0
DA:79,0
DA:80,0
DA:81,0
DA:82,0
DA:83,0
DA:85,0
DA:87,0
DA:88,0
DA:89,0
DA:92,0
DA:95,0
DA:97,0
DA:103,0
DA:136,0
DA:151,0
DA:181,0
DA:189,0
DA:192,0
DA:200,0
DA:210,0
DA:294,0
DA:300,0
DA:304,0
DA:311,0
DA:314,0
LF:52
LH:0
BRDA:47,0,0,0
BRDA:47,0,1,0
BRDA:48,1,0,0
BRDA:48,1,1,0
BRDA:48,1,2,0
BRDA:54,2,0,0
BRDA:54,2,1,0
BRDA:55,3,0,0
BRDA:55,3,1,0
BRDA:83,4,0,0
BRDA:83,4,1,0
BRDA:100,5,0,0
BRDA:100,5,1,0
BRDA:123,6,0,0
BRDA:123,6,1,0
BRDA:134,7,0,0
BRDA:134,7,1,0
BRDA:145,8,0,0
BRDA:145,8,1,0
BRDA:149,9,0,0
BRDA:149,9,1,0
BRDA:156,10,0,0
BRDA:156,10,1,0
BRDA:161,11,0,0
BRDA:161,11,1,0
BRDA:162,12,0,0
BRDA:162,12,1,0
BRDA:311,13,0,0
BRDA:311,13,1,0
BRF:29
BRH:0
end_of_record
TN:
SF:src/pages/Success.js
FN:12,(anonymous_0)
FN:17,(anonymous_1)
FN:18,(anonymous_2)
FN:31,(anonymous_3)
FN:56,(anonymous_4)
FNF:5
FNH:0
FNDA:0,(anonymous_0)
FNDA:0,(anonymous_1)
FNDA:0,(anonymous_2)
FNDA:0,(anonymous_3)
FNDA:0,(anonymous_4)
DA:12,0
DA:13,0
DA:14,0
DA:15,0
DA:17,0
DA:18,0
DA:19,0
DA:20,0
DA:21,0
DA:22,0
DA:23,0
DA:28,0
DA:31,0
DA:32,0
DA:33,0
DA:34,0
DA:42,0
DA:45,0
DA:56,0
DA:66,0
DA:74,0
DA:80,0
LF:22
LH:0
BRDA:19,0,0,0
BRDA:19,0,1,0
BRDA:19,1,0,0
BRDA:19,1,1,0
BRDA:22,2,0,0
BRDA:22,2,1,0
BRDA:54,3,0,0
BRDA:54,3,1,0
BRF:8
BRH:0
end_of_record
TN:
SF:src/styles/Account.styled.js
FN:17,(anonymous_0)
FN:32,(anonymous_1)
FN:96,(anonymous_2)
FN:141,(anonymous_3)
FN:161,(anonymous_4)
FN:184,(anonymous_5)
FNF:6
FNH:0
FNDA:0,(anonymous_0)
FNDA:0,(anonymous_1)
FNDA:0,(anonymous_2)
FNDA:0,(anonymous_3)
FNDA:0,(anonymous_4)
FNDA:0,(anonymous_5)
DA:3,0
DA:5,0
DA:11,0
DA:17,0
DA:22,0
DA:32,0
DA:96,0
DA:141,0
DA:147,0
DA:158,0
DA:161,0
DA:166,0
DA:184,0
DA:190,0
DA:195,0
DA:229,0
DA:250,0
DA:272,0
DA:276,0
LF:19
LH:0
BRF:0
BRH:0
end_of_record
TN:
SF:src/styles/Button.styled.js
FNF:0
FNH:0
DA:3,0
DA:16,0
LF:2
LH:0
BRF:0
BRH:0
end_of_record
TN:
SF:src/styles/Flex.styled.js
FNF:0
FNH:0
DA:3,0
LF:1
LH:0
BRF:0
BRH:0
end_of_record
TN:
SF:src/styles/Global.js
FN:11,(anonymous_0)
FNF:1
FNH:0
FNDA:0,(anonymous_0)
DA:2,0
DA:11,0
LF:2
LH:0
BRF:0
BRH:0
end_of_record
TN:
SF:src/styles/Login.styled.js
FN:11,(anonymous_0)
FNF:1
FNH:0
FNDA:0,(anonymous_0)
DA:3,0
DA:11,0
DA:25,0
DA:72,0
DA:85,0
DA:96,0
LF:6
LH:0
BRF:0
BRH:0
end_of_record
